#
# There is insufficient memory for the Java Runtime Environment to continue.
# Native memory allocation (malloc) failed to allocate 140509184 bytes for committing reserved memory.
# Possible reasons:
#   The system is out of physical RAM or swap space
#   In 32 bit mode, the process size limit was hit
# Possible solutions:
#   Reduce memory load on the system
#   Increase physical memory or swap space
#   Check if swap backing store is full
#   Use 64 bit Java on a 64 bit OS
#   Decrease Java heap size (-Xmx/-Xms)
#   Decrease number of Java threads
#   Decrease Java thread stack sizes (-Xss)
#   Set larger code cache with -XX:ReservedCodeCacheSize=
# This output file may be truncated or incomplete.
#
#  Out of Memory Error (os_linux.cpp:2756), pid=11724, tid=139622280554240
#
# JRE version: Java(TM) SE Runtime Environment (7.0_80-b15) (build 1.7.0_80-b15)
# Java VM: Java HotSpot(TM) 64-Bit Server VM (24.80-b11 mixed mode linux-amd64 compressed oops)
# Failed to write core dump. Core dumps have been disabled. To enable core dumping, try "ulimit -c unlimited" before starting Java again
#

---------------  T H R E A D  ---------------

Current thread (0x00007efc5c134000):  VMThread [stack: 0x00007efc585f6000,0x00007efc586f7000] [id=11735]

Stack: [0x00007efc585f6000,0x00007efc586f7000],  sp=0x00007efc586f5380,  free space=1020k
Native frames: (J=compiled Java code, j=interpreted, Vv=VM code, C=native code)
V  [libjvm.so+0x9a320a]  VMError::report_and_die()+0x2ea
V  [libjvm.so+0x498d3b]  report_vm_out_of_memory(char const*, int, unsigned long, char const*)+0x9b
V  [libjvm.so+0x82191e]  os::Linux::commit_memory_impl(char*, unsigned long, bool)+0xfe
V  [libjvm.so+0x821e69]  os::pd_commit_memory(char*, unsigned long, unsigned long, bool)+0x29
V  [libjvm.so+0x81bb6a]  os::commit_memory(char*, unsigned long, unsigned long, bool)+0x2a
V  [libjvm.so+0x88d623]  PSVirtualSpace::expand_by(unsigned long)+0x53
V  [libjvm.so+0x88e9f8]  PSYoungGen::resize_generation(unsigned long, unsigned long)+0xf8
V  [libjvm.so+0x88db62]  PSYoungGen::resize(unsigned long, unsigned long)+0x22
V  [libjvm.so+0x88af1d]  PSScavenge::invoke_no_policy()+0xf3d
V  [libjvm.so+0x88b761]  PSScavenge::invoke()+0x41
V  [libjvm.so+0x843f40]  ParallelScavengeHeap::failed_mem_allocate(unsigned long)+0x70
V  [libjvm.so+0x9a4a97]  VM_ParallelGCFailedAllocation::doit()+0x97
V  [libjvm.so+0x9abf35]  VM_Operation::evaluate()+0x55
V  [libjvm.so+0x9aa2fa]  VMThread::evaluate_operation(VM_Operation*)+0xba
V  [libjvm.so+0x9aa67e]  VMThread::loop()+0x1ce
V  [libjvm.so+0x9aaaf0]  VMThread::run()+0x70
V  [libjvm.so+0x8238c8]  java_start(Thread*)+0x108

VM_Operation (0x00007efc643053f0): ParallelGCFailedAllocation, mode: safepoint, requested by thread 0x00007efc5c00c800


---------------  P R O C E S S  ---------------

Java Threads: ( => current thread )
  0x00007efc5c193800 JavaThread "Service Thread" daemon [_thread_blocked, id=11741, stack(0x00007efc50a29000,0x00007efc50b2a000)]
  0x00007efc5c191000 JavaThread "C2 CompilerThread1" daemon [_thread_blocked, id=11740, stack(0x00007efc50b2a000,0x00007efc50c2b000)]
  0x00007efc5c18e800 JavaThread "C2 CompilerThread0" daemon [_thread_blocked, id=11739, stack(0x00007efc50c2b000,0x00007efc50d2c000)]
  0x00007efc5c15b800 JavaThread "Signal Dispatcher" daemon [_thread_blocked, id=11738, stack(0x00007efc582f3000,0x00007efc583f4000)]
  0x00007efc5c13a800 JavaThread "Finalizer" daemon [_thread_blocked, id=11737, stack(0x00007efc583f4000,0x00007efc584f5000)]
  0x00007efc5c138800 JavaThread "Reference Handler" daemon [_thread_blocked, id=11736, stack(0x00007efc584f5000,0x00007efc585f6000)]
  0x00007efc5c00c800 JavaThread "main" [_thread_blocked, id=11730, stack(0x00007efc64206000,0x00007efc64307000)]

Other Threads:
=>0x00007efc5c134000 VMThread [stack: 0x00007efc585f6000,0x00007efc586f7000] [id=11735]
  0x00007efc5c19e800 WatcherThread [stack: 0x00007efc50928000,0x00007efc50a29000] [id=11742]

VM state:at safepoint (normal execution)

VM Mutex/Monitor currently owned by a thread:  ([mutex/lock_event])
[0x00007efc5c009290] Threads_lock - owner thread: 0x00007efc5c134000
[0x00007efc5c009790] Heap_lock - owner thread: 0x00007efc5c00c800

Heap
 PSYoungGen      total 137728K, used 12284K [0x00000000eaa80000, 0x00000000f3e80000, 0x0000000100000000)
  eden space 125440K, 0% used [0x00000000eaa80000,0x00000000eaa80000,0x00000000f2500000)
  from space 12288K, 99% used [0x00000000f2500000,0x00000000f30ff108,0x00000000f3100000)
  to   space 10752K, 0% used [0x00000000f3100000,0x00000000f3100000,0x00000000f3b80000)
 ParOldGen       total 39424K, used 35954K [0x00000000c0000000, 0x00000000c2680000, 0x00000000eaa80000)
  object space 39424K, 91% used [0x00000000c0000000,0x00000000c231c948,0x00000000c2680000)
 PSPermGen       total 21504K, used 7122K [0x00000000bae00000, 0x00000000bc300000, 0x00000000c0000000)
  object space 21504K, 33% used [0x00000000bae00000,0x00000000bb4f4850,0x00000000bc300000)

Card table byte_map: [0x00007efc610c5000,0x00007efc612ef000] byte_map_base: 0x00007efc60aee000

Polling page: 0x00007efc64331000

Code Cache  [0x00007efc59000000, 0x00007efc59270000, 0x00007efc5c000000)
 total_blobs=869 nmethods=616 adapters=206 free_code_cache=47600Kb largest_free_block=48683712

Compilation events (10 events):
Event: 4,434 Thread 0x00007efc5c18e800 nmethod 640 0x00007efc590ad390 code [0x00007efc590ad4c0, 0x00007efc590ad518]
Event: 4,434 Thread 0x00007efc5c18e800  641             com.android.dx.io.instructions.FiveRegisterDecodedInstruction::getB (5 bytes)
Event: 4,434 Thread 0x00007efc5c18e800 nmethod 641 0x00007efc59062510 code [0x00007efc59062640, 0x00007efc59062698]
Event: 4,434 Thread 0x00007efc5c18e800  642             com.android.dx.io.instructions.FiveRegisterDecodedInstruction::getC (5 bytes)
Event: 4,434 Thread 0x00007efc5c18e800 nmethod 642 0x00007efc59062310 code [0x00007efc59062440, 0x00007efc59062498]
Event: 4,434 Thread 0x00007efc5c18e800  643             com.android.dx.io.instructions.FiveRegisterDecodedInstruction::getD (5 bytes)
Event: 4,434 Thread 0x00007efc5c18e800 nmethod 643 0x00007efc59062110 code [0x00007efc59062240, 0x00007efc59062298]
Event: 4,437 Thread 0x00007efc5c191000 nmethod 637 0x00007efc5916b090 code [0x00007efc5916b1e0, 0x00007efc5916b4f8]
Event: 4,578 Thread 0x00007efc5c191000  645             com.android.dx.io.instructions.InstructionCodec$14::encode (29 bytes)
Event: 4,578 Thread 0x00007efc5c18e800  644             com.android.dx.io.instructions.InstructionCodec$14::decode (53 bytes)

GC Heap History (10 events):
Event: 1,563 GC heap after
Heap after GC invocations=2 (full 0):
 PSYoungGen      total 33792K, used 2022K [0x00000000eaa80000, 0x00000000ecd80000, 0x0000000100000000)
  eden space 31744K, 0% used [0x00000000eaa80000,0x00000000eaa80000,0x00000000ec980000)
  from space 2048K, 98% used [0x00000000ecb80000,0x00000000ecd79808,0x00000000ecd80000)
  to   space 2048K, 0% used [0x00000000ec980000,0x00000000ec980000,0x00000000ecb80000)
 ParOldGen       total 39424K, used 6160K [0x00000000c0000000, 0x00000000c2680000, 0x00000000eaa80000)
  object space 39424K, 15% used [0x00000000c0000000,0x00000000c0604220,0x00000000c2680000)
 PSPermGen       total 21504K, used 5384K [0x00000000bae00000, 0x00000000bc300000, 0x00000000c0000000)
  object space 21504K, 25% used [0x00000000bae00000,0x00000000bb342130,0x00000000bc300000)
}
Event: 2,604 GC heap before
{Heap before GC invocations=3 (full 0):
 PSYoungGen      total 33792K, used 33654K [0x00000000eaa80000, 0x00000000ecd80000, 0x0000000100000000)
  eden space 31744K, 99% used [0x00000000eaa80000,0x00000000ec964110,0x00000000ec980000)
  from space 2048K, 98% used [0x00000000ecb80000,0x00000000ecd79808,0x00000000ecd80000)
  to   space 2048K, 0% used [0x00000000ec980000,0x00000000ec980000,0x00000000ecb80000)
 ParOldGen       total 39424K, used 6160K [0x00000000c0000000, 0x00000000c2680000, 0x00000000eaa80000)
  object space 39424K, 15% used [0x00000000c0000000,0x00000000c0604220,0x00000000c2680000)
 PSPermGen       total 21504K, used 6929K [0x00000000bae00000, 0x00000000bc300000, 0x00000000c0000000)
  object space 21504K, 32% used [0x00000000bae00000,0x00000000bb4c4620,0x00000000bc300000)
Event: 2,634 GC heap after
Heap after GC invocations=3 (full 0):
 PSYoungGen      total 33792K, used 2022K [0x00000000eaa80000, 0x00000000eec80000, 0x0000000100000000)
  eden space 31744K, 0% used [0x00000000eaa80000,0x00000000eaa80000,0x00000000ec980000)
  from space 2048K, 98% used [0x00000000ec980000,0x00000000ecb79808,0x00000000ecb80000)
  to   space 2048K, 0% used [0x00000000eea80000,0x00000000eea80000,0x00000000eec80000)
 ParOldGen       total 39424K, used 12644K [0x00000000c0000000, 0x00000000c2680000, 0x00000000eaa80000)
  object space 39424K, 32% used [0x00000000c0000000,0x00000000c0c59250,0x00000000c2680000)
 PSPermGen       total 21504K, used 6929K [0x00000000bae00000, 0x00000000bc300000, 0x00000000c0000000)
  object space 21504K, 32% used [0x00000000bae00000,0x00000000bb4c4620,0x00000000bc300000)
}
Event: 3,062 GC heap before
{Heap before GC invocations=4 (full 0):
 PSYoungGen      total 33792K, used 33766K [0x00000000eaa80000, 0x00000000eec80000, 0x0000000100000000)
  eden space 31744K, 100% used [0x00000000eaa80000,0x00000000ec980000,0x00000000ec980000)
  from space 2048K, 98% used [0x00000000ec980000,0x00000000ecb79808,0x00000000ecb80000)
  to   space 2048K, 0% used [0x00000000eea80000,0x00000000eea80000,0x00000000eec80000)
 ParOldGen       total 39424K, used 12644K [0x00000000c0000000, 0x00000000c2680000, 0x00000000eaa80000)
  object space 39424K, 32% used [0x00000000c0000000,0x00000000c0c59250,0x00000000c2680000)
 PSPermGen       total 21504K, used 6998K [0x00000000bae00000, 0x00000000bc300000, 0x00000000c0000000)
  object space 21504K, 32% used [0x00000000bae00000,0x00000000bb4d58d8,0x00000000bc300000)
Event: 3,081 GC heap after
Heap after GC invocations=4 (full 0):
 PSYoungGen      total 65536K, used 2048K [0x00000000eaa80000, 0x00000000eec80000, 0x0000000100000000)
  eden space 63488K, 0% used [0x00000000eaa80000,0x00000000eaa80000,0x00000000ee880000)
  from space 2048K, 100% used [0x00000000eea80000,0x00000000eec80000,0x00000000eec80000)
  to   space 2048K, 0% used [0x00000000ee880000,0x00000000ee880000,0x00000000eea80000)
 ParOldGen       total 39424K, used 16600K [0x00000000c0000000, 0x00000000c2680000, 0x00000000eaa80000)
  object space 39424K, 42% used [0x00000000c0000000,0x00000000c10361c0,0x00000000c2680000)
 PSPermGen       total 21504K, used 6998K [0x00000000bae00000, 0x00000000bc300000, 0x00000000c0000000)
  object space 21504K, 32% used [0x00000000bae00000,0x00000000bb4d58d8,0x00000000bc300000)
}
Event: 3,666 GC heap before
{Heap before GC invocations=5 (full 0):
 PSYoungGen      total 65536K, used 65536K [0x00000000eaa80000, 0x00000000eec80000, 0x0000000100000000)
  eden space 63488K, 100% used [0x00000000eaa80000,0x00000000ee880000,0x00000000ee880000)
  from space 2048K, 100% used [0x00000000eea80000,0x00000000eec80000,0x00000000eec80000)
  to   space 2048K, 0% used [0x00000000ee880000,0x00000000ee880000,0x00000000eea80000)
 ParOldGen       total 39424K, used 16600K [0x00000000c0000000, 0x00000000c2680000, 0x00000000eaa80000)
  object space 39424K, 42% used [0x00000000c0000000,0x00000000c10361c0,0x00000000c2680000)
 PSPermGen       total 21504K, used 7109K [0x00000000bae00000, 0x00000000bc300000, 0x00000000c0000000)
  object space 21504K, 33% used [0x00000000bae00000,0x00000000bb4f1700,0x00000000bc300000)
Event: 3,699 GC heap after
Heap after GC invocations=5 (full 0):
 PSYoungGen      total 65536K, used 2039K [0x00000000eaa80000, 0x00000000f3b80000, 0x0000000100000000)
  eden space 63488K, 0% used [0x00000000eaa80000,0x00000000eaa80000,0x00000000ee880000)
  from space 2048K, 99% used [0x00000000ee880000,0x00000000eea7de38,0x00000000eea80000)
  to   space 10752K, 0% used [0x00000000f3100000,0x00000000f3100000,0x00000000f3b80000)
 ParOldGen       total 39424K, used 24331K [0x00000000c0000000, 0x00000000c2680000, 0x00000000eaa80000)
  object space 39424K, 61% used [0x00000000c0000000,0x00000000c17c2eb0,0x00000000c2680000)
 PSPermGen       total 21504K, used 7109K [0x00000000bae00000, 0x00000000bc300000, 0x00000000c0000000)
  object space 21504K, 33% used [0x00000000bae00000,0x00000000bb4f1700,0x00000000bc300000)
}
Event: 4,017 GC heap before
{Heap before GC invocations=6 (full 0):
 PSYoungGen      total 65536K, used 65527K [0x00000000eaa80000, 0x00000000f3b80000, 0x0000000100000000)
  eden space 63488K, 100% used [0x00000000eaa80000,0x00000000ee880000,0x00000000ee880000)
  from space 2048K, 99% used [0x00000000ee880000,0x00000000eea7de38,0x00000000eea80000)
  to   space 10752K, 0% used [0x00000000f3100000,0x00000000f3100000,0x00000000f3b80000)
 ParOldGen       total 39424K, used 24331K [0x00000000c0000000, 0x00000000c2680000, 0x00000000eaa80000)
  object space 39424K, 61% used [0x00000000c0000000,0x00000000c17c2eb0,0x00000000c2680000)
 PSPermGen       total 21504K, used 7117K [0x00000000bae00000, 0x00000000bc300000, 0x00000000c0000000)
  object space 21504K, 33% used [0x00000000bae00000,0x00000000bb4f3758,0x00000000bc300000)
Event: 4,057 GC heap after
Heap after GC invocations=6 (full 0):
 PSYoungGen      total 136192K, used 10176K [0x00000000eaa80000, 0x00000000f3e80000, 0x0000000100000000)
  eden space 125440K, 0% used [0x00000000eaa80000,0x00000000eaa80000,0x00000000f2500000)
  from space 10752K, 94% used [0x00000000f3100000,0x00000000f3af0370,0x00000000f3b80000)
  to   space 12288K, 0% used [0x00000000f2500000,0x00000000f2500000,0x00000000f3100000)
 ParOldGen       total 39424K, used 25692K [0x00000000c0000000, 0x00000000c2680000, 0x00000000eaa80000)
  object space 39424K, 65% used [0x00000000c0000000,0x00000000c19170d0,0x00000000c2680000)
 PSPermGen       total 21504K, used 7117K [0x00000000bae00000, 0x00000000bc300000, 0x00000000c0000000)
  object space 21504K, 33% used [0x00000000bae00000,0x00000000bb4f3758,0x00000000bc300000)
}
Event: 5,045 GC heap before
{Heap before GC invocations=7 (full 0):
 PSYoungGen      total 136192K, used 135616K [0x00000000eaa80000, 0x00000000f3e80000, 0x0000000100000000)
  eden space 125440K, 100% used [0x00000000eaa80000,0x00000000f2500000,0x00000000f2500000)
  from space 10752K, 94% used [0x00000000f3100000,0x00000000f3af0370,0x00000000f3b80000)
  to   space 12288K, 0% used [0x00000000f2500000,0x00000000f2500000,0x00000000f3100000)
 ParOldGen       total 39424K, used 25692K [0x00000000c0000000, 0x00000000c2680000, 0x00000000eaa80000)
  object space 39424K, 65% used [0x00000000c0000000,0x00000000c19170d0,0x00000000c2680000)
 PSPermGen       total 21504K, used 7122K [0x00000000bae00000, 0x00000000bc300000, 0x00000000c0000000)
  object space 21504K, 33% used [0x00000000bae00000,0x00000000bb4f4850,0x00000000bc300000)

Deoptimization events (10 events):
Event: 3,613 Thread 0x00007efc5c00c800 Uncommon trap: reason=array_check action=maybe_recompile pc=0x00007efc5915f9f8 method=java.util.TimSort.binarySort([Ljava/lang/Object;IIILjava/util/Comparator;)V @ 215
Event: 3,613 Thread 0x00007efc5c00c800 Uncommon trap: reason=array_check action=maybe_recompile pc=0x00007efc5915fbe4 method=java.util.TimSort.binarySort([Ljava/lang/Object;IIILjava/util/Comparator;)V @ 183
Event: 3,613 Thread 0x00007efc5c00c800 Uncommon trap: reason=array_check action=maybe_recompile pc=0x00007efc5915f9f8 method=java.util.TimSort.binarySort([Ljava/lang/Object;IIILjava/util/Comparator;)V @ 215
Event: 3,613 Thread 0x00007efc5c00c800 Uncommon trap: reason=array_check action=maybe_recompile pc=0x00007efc5915f9f8 method=java.util.TimSort.binarySort([Ljava/lang/Object;IIILjava/util/Comparator;)V @ 215
Event: 3,748 Thread 0x00007efc5c00c800 Uncommon trap: reason=array_check action=maybe_recompile pc=0x00007efc59161910 method=java.util.ComparableTimSort.binarySort([Ljava/lang/Object;III)V @ 183
Event: 3,758 Thread 0x00007efc5c00c800 Uncommon trap: reason=unstable_if action=reinterpret pc=0x00007efc591497a8 method=com.android.dx.merge.DexMerger.transformAnnotationDirectory(Lcom/android/dex/Dex$Section;Lcom/android/dx/merge/IndexMap;)V @ 199
Event: 3,910 Thread 0x00007efc5c00c800 Uncommon trap: reason=array_check action=maybe_recompile pc=0x00007efc5907d648 method=java.util.TimSort.binarySort([Ljava/lang/Object;IIILjava/util/Comparator;)V @ 193
Event: 3,910 Thread 0x00007efc5c00c800 Uncommon trap: reason=array_check action=maybe_recompile pc=0x00007efc5907d648 method=java.util.TimSort.binarySort([Ljava/lang/Object;IIILjava/util/Comparator;)V @ 193
Event: 3,996 Thread 0x00007efc5c00c800 Uncommon trap: reason=array_check action=maybe_recompile pc=0x00007efc59161910 method=java.util.ComparableTimSort.binarySort([Ljava/lang/Object;III)V @ 183
Event: 4,010 Thread 0x00007efc5c00c800 Uncommon trap: reason=array_check action=maybe_recompile pc=0x00007efc59164354 method=java.util.TimSort.binarySort([Ljava/lang/Object;IIILjava/util/Comparator;)V @ 193

Internal exceptions (10 events):
Event: 2,251 Thread 0x00007efc5c00c800 Threw 0x00000000ec086db8 at /HUDSON/workspace/7u-2-build-linux-amd64/jdk7u80/2329/hotspot/src/share/vm/prims/jvm.cpp:1319
Event: 2,251 Thread 0x00007efc5c00c800 Threw 0x00000000ec08a388 at /HUDSON/workspace/7u-2-build-linux-amd64/jdk7u80/2329/hotspot/src/share/vm/prims/jvm.cpp:1319
Event: 2,252 Thread 0x00007efc5c00c800 Threw 0x00000000ec08dff8 at /HUDSON/workspace/7u-2-build-linux-amd64/jdk7u80/2329/hotspot/src/share/vm/prims/jvm.cpp:1319
Event: 2,254 Thread 0x00007efc5c00c800 Threw 0x00000000ec0d56a0 at /HUDSON/workspace/7u-2-build-linux-amd64/jdk7u80/2329/hotspot/src/share/vm/prims/jvm.cpp:1319
Event: 2,254 Thread 0x00007efc5c00c800 Threw 0x00000000ec0d7b40 at /HUDSON/workspace/7u-2-build-linux-amd64/jdk7u80/2329/hotspot/src/share/vm/prims/jvm.cpp:1319
Event: 2,325 Thread 0x00007efc5c00c800 Threw 0x00000000ec198f90 at /HUDSON/workspace/7u-2-build-linux-amd64/jdk7u80/2329/hotspot/src/share/vm/prims/jvm.cpp:1319
Event: 2,325 Thread 0x00007efc5c00c800 Threw 0x00000000ec1990b8 at /HUDSON/workspace/7u-2-build-linux-amd64/jdk7u80/2329/hotspot/src/share/vm/prims/jvm.cpp:1319
Event: 2,325 Thread 0x00007efc5c00c800 Threw 0x00000000ec19b428 at /HUDSON/workspace/7u-2-build-linux-amd64/jdk7u80/2329/hotspot/src/share/vm/prims/jvm.cpp:1319
Event: 2,325 Thread 0x00007efc5c00c800 Threw 0x00000000ec19b550 at /HUDSON/workspace/7u-2-build-linux-amd64/jdk7u80/2329/hotspot/src/share/vm/prims/jvm.cpp:1319
Event: 2,869 Thread 0x00007efc5c00c800 Threw 0x00000000eb9ef200 at /HUDSON/workspace/7u-2-build-linux-amd64/jdk7u80/2329/hotspot/src/share/vm/prims/jvm.cpp:1319

Events (10 events):
Event: 4,149 Thread 0x00007efc5c191000 flushing nmethod 0x00007efc590859d0
Event: 4,216 Thread 0x00007efc5c18e800 flushing nmethod 0x00007efc590becd0
Event: 4,216 Thread 0x00007efc5c18e800 flushing nmethod 0x00007efc590c3290
Event: 4,216 Thread 0x00007efc5c18e800 flushing nmethod 0x00007efc590c4250
Event: 4,227 Thread 0x00007efc5c191000 flushing nmethod 0x00007efc590d6090
Event: 4,227 Thread 0x00007efc5c191000 flushing nmethod 0x00007efc590d84d0
Event: 4,227 Thread 0x00007efc5c191000 flushing nmethod 0x00007efc590dbb10
Event: 4,238 Executing VM operation: EnableBiasedLocking
Event: 4,241 Executing VM operation: EnableBiasedLocking done
Event: 5,026 Executing VM operation: ParallelGCFailedAllocation


Dynamic libraries:
00400000-00401000 r-xp 00000000 08:01 2110507                            /usr/lib/jvm/java-7-oracle/bin/java
00600000-00601000 rw-p 00000000 08:01 2110507                            /usr/lib/jvm/java-7-oracle/bin/java
00d1c000-00d3d000 rw-p 00000000 00:00 0                                  [heap]
bae00000-bc300000 rw-p 00000000 00:00 0 
bc300000-c0000000 rw-p 00000000 00:00 0 
c0000000-c2680000 rw-p 00000000 00:00 0 
c2680000-eaa80000 rw-p 00000000 00:00 0 
eaa80000-f3e80000 rw-p 00000000 00:00 0 
fc480000-100000000 rw-p 00000000 00:00 0 
7efc1c000000-7efc1c021000 rw-p 00000000 00:00 0 
7efc1c021000-7efc20000000 ---p 00000000 00:00 0 
7efc24000000-7efc246fd000 rw-p 00000000 00:00 0 
7efc246fd000-7efc28000000 ---p 00000000 00:00 0 
7efc28000000-7efc28021000 rw-p 00000000 00:00 0 
7efc28021000-7efc2c000000 ---p 00000000 00:00 0 
7efc2c000000-7efc2c021000 rw-p 00000000 00:00 0 
7efc2c021000-7efc30000000 ---p 00000000 00:00 0 
7efc30000000-7efc305f7000 rw-p 00000000 00:00 0 
7efc305f7000-7efc34000000 ---p 00000000 00:00 0 
7efc34000000-7efc34021000 rw-p 00000000 00:00 0 
7efc34021000-7efc38000000 ---p 00000000 00:00 0 
7efc38000000-7efc38021000 rw-p 00000000 00:00 0 
7efc38021000-7efc3c000000 ---p 00000000 00:00 0 
7efc3c000000-7efc3c021000 rw-p 00000000 00:00 0 
7efc3c021000-7efc40000000 ---p 00000000 00:00 0 
7efc40000000-7efc40021000 rw-p 00000000 00:00 0 
7efc40021000-7efc44000000 ---p 00000000 00:00 0 
7efc44000000-7efc44021000 rw-p 00000000 00:00 0 
7efc44021000-7efc48000000 ---p 00000000 00:00 0 
7efc4c000000-7efc4c021000 rw-p 00000000 00:00 0 
7efc4c021000-7efc50000000 ---p 00000000 00:00 0 
7efc50092000-7efc50500000 rw-p 00000000 00:00 0 
7efc50500000-7efc50517000 r-xp 00000000 08:01 2108531                    /usr/lib/jvm/java-7-oracle/jre/lib/amd64/libnet.so
7efc50517000-7efc50716000 ---p 00017000 08:01 2108531                    /usr/lib/jvm/java-7-oracle/jre/lib/amd64/libnet.so
7efc50716000-7efc50717000 rw-p 00016000 08:01 2108531                    /usr/lib/jvm/java-7-oracle/jre/lib/amd64/libnet.so
7efc50717000-7efc50727000 r-xp 00000000 08:01 2108496                    /usr/lib/jvm/java-7-oracle/jre/lib/amd64/libnio.so
7efc50727000-7efc50927000 ---p 00010000 08:01 2108496                    /usr/lib/jvm/java-7-oracle/jre/lib/amd64/libnio.so
7efc50927000-7efc50928000 rw-p 00010000 08:01 2108496                    /usr/lib/jvm/java-7-oracle/jre/lib/amd64/libnio.so
7efc50928000-7efc50929000 ---p 00000000 00:00 0 
7efc50929000-7efc50a29000 rw-p 00000000 00:00 0                          [stack:11742]
7efc50a29000-7efc50a2c000 ---p 00000000 00:00 0 
7efc50a2c000-7efc50b2a000 rw-p 00000000 00:00 0                          [stack:11741]
7efc50b2a000-7efc50b2d000 ---p 00000000 00:00 0 
7efc50b2d000-7efc50c2b000 rw-p 00000000 00:00 0                          [stack:11740]
7efc50c2b000-7efc50c2e000 ---p 00000000 00:00 0 
7efc50c2e000-7efc50d2c000 rw-p 00000000 00:00 0                          [stack:11739]
7efc50d2c000-7efc50d31000 r-xp 00000000 08:01 2106549                    /usr/lib/x86_64-linux-gnu/libXdmcp.so.6.0.0
7efc50d31000-7efc50f30000 ---p 00005000 08:01 2106549                    /usr/lib/x86_64-linux-gnu/libXdmcp.so.6.0.0
7efc50f30000-7efc50f31000 r--p 00004000 08:01 2106549                    /usr/lib/x86_64-linux-gnu/libXdmcp.so.6.0.0
7efc50f31000-7efc50f32000 rw-p 00005000 08:01 2106549                    /usr/lib/x86_64-linux-gnu/libXdmcp.so.6.0.0
7efc50f32000-7efc50f34000 r-xp 00000000 08:01 2106538                    /usr/lib/x86_64-linux-gnu/libXau.so.6.0.0
7efc50f34000-7efc51134000 ---p 00002000 08:01 2106538                    /usr/lib/x86_64-linux-gnu/libXau.so.6.0.0
7efc51134000-7efc51135000 r--p 00002000 08:01 2106538                    /usr/lib/x86_64-linux-gnu/libXau.so.6.0.0
7efc51135000-7efc51136000 rw-p 00003000 08:01 2106538                    /usr/lib/x86_64-linux-gnu/libXau.so.6.0.0
7efc51136000-7efc51153000 r-xp 00000000 08:01 2107736                    /usr/lib/x86_64-linux-gnu/libxcb.so.1.1.0
7efc51153000-7efc51353000 ---p 0001d000 08:01 2107736                    /usr/lib/x86_64-linux-gnu/libxcb.so.1.1.0
7efc51353000-7efc51354000 r--p 0001d000 08:01 2107736                    /usr/lib/x86_64-linux-gnu/libxcb.so.1.1.0
7efc51354000-7efc51355000 rw-p 0001e000 08:01 2107736                    /usr/lib/x86_64-linux-gnu/libxcb.so.1.1.0
7efc51355000-7efc51488000 r-xp 00000000 08:01 2106534                    /usr/lib/x86_64-linux-gnu/libX11.so.6.3.0
7efc51488000-7efc51688000 ---p 00133000 08:01 2106534                    /usr/lib/x86_64-linux-gnu/libX11.so.6.3.0
7efc51688000-7efc51689000 r--p 00133000 08:01 2106534                    /usr/lib/x86_64-linux-gnu/libX11.so.6.3.0
7efc51689000-7efc5168d000 rw-p 00134000 08:01 2106534                    /usr/lib/x86_64-linux-gnu/libX11.so.6.3.0
7efc5168d000-7efc5168e000 rw-p 00000000 00:00 0 
7efc5168e000-7efc51d70000 r--p 00000000 08:01 2105314                    /usr/lib/locale/locale-archive
7efc51d70000-7efc54000000 rw-p 00000000 00:00 0 
7efc54000000-7efc54021000 rw-p 00000000 00:00 0 
7efc54021000-7efc58000000 ---p 00000000 00:00 0 
7efc58014000-7efc580f0000 rw-p 00000000 00:00 0 
7efc580f0000-7efc580f1000 r-xp 00000000 08:01 2119627                    /usr/lib/jayatana/libjayatanaag.so
7efc580f1000-7efc582f1000 ---p 00001000 08:01 2119627                    /usr/lib/jayatana/libjayatanaag.so
7efc582f1000-7efc582f2000 r--p 00001000 08:01 2119627                    /usr/lib/jayatana/libjayatanaag.so
7efc582f2000-7efc582f3000 rw-p 00002000 08:01 2119627                    /usr/lib/jayatana/libjayatanaag.so
7efc582f3000-7efc582f6000 ---p 00000000 00:00 0 
7efc582f6000-7efc583f4000 rw-p 00000000 00:00 0                          [stack:11738]
7efc583f4000-7efc583f7000 ---p 00000000 00:00 0 
7efc583f7000-7efc584f5000 rw-p 00000000 00:00 0                          [stack:11737]
7efc584f5000-7efc584f8000 ---p 00000000 00:00 0 
7efc584f8000-7efc585f6000 rw-p 00000000 00:00 0                          [stack:11736]
7efc585f6000-7efc585f7000 ---p 00000000 00:00 0 
7efc585f7000-7efc59000000 rw-p 00000000 00:00 0                          [stack:11735]
7efc59000000-7efc59270000 rwxp 00000000 00:00 0 
7efc59270000-7efc5c29c000 rw-p 00000000 00:00 0 
7efc5c29c000-7efc60000000 ---p 00000000 00:00 0 
7efc6000a000-7efc60011000 r--s 00000000 08:01 2361894                    /usr/lib/x86_64-linux-gnu/gconv/gconv-modules.cache
7efc60011000-7efc60037000 r--p 00000000 08:01 2756829                    /usr/share/locale-langpack/es/LC_MESSAGES/libc.mo
7efc60037000-7efc60688000 rw-p 00000000 00:00 0 
7efc60688000-7efc60848000 r--s 039fb000 08:01 2109180                    /usr/lib/jvm/java-7-oracle/jre/lib/rt.jar
7efc60848000-7efc60b42000 rw-p 00000000 00:00 0 
7efc60b42000-7efc60b43000 ---p 00000000 00:00 0 
7efc60b43000-7efc60c43000 rw-p 00000000 00:00 0                          [stack:11734]
7efc60c43000-7efc60c44000 ---p 00000000 00:00 0 
7efc60c44000-7efc60d44000 rw-p 00000000 00:00 0                          [stack:11733]
7efc60d44000-7efc60d45000 ---p 00000000 00:00 0 
7efc60d45000-7efc60e45000 rw-p 00000000 00:00 0                          [stack:11732]
7efc60e45000-7efc60e46000 ---p 00000000 00:00 0 
7efc60e46000-7efc60f51000 rw-p 00000000 00:00 0                          [stack:11731]
7efc60f51000-7efc60f6f000 rw-p 00000000 00:00 0 
7efc60f6f000-7efc60f83000 rw-p 00000000 00:00 0 
7efc60f83000-7efc610c5000 rw-p 00000000 00:00 0 
7efc610c5000-7efc610d0000 rw-p 00000000 00:00 0 
7efc610d0000-7efc610ee000 rw-p 00000000 00:00 0 
7efc610ee000-7efc61102000 rw-p 00000000 00:00 0 
7efc61102000-7efc61243000 rw-p 00000000 00:00 0 
7efc61243000-7efc6128e000 rw-p 00000000 00:00 0 
7efc6128e000-7efc612ee000 rw-p 00000000 00:00 0 
7efc612ee000-7efc612ef000 rw-p 00000000 00:00 0 
7efc612ef000-7efc61306000 r-xp 00000000 08:01 2108526                    /usr/lib/jvm/java-7-oracle/jre/lib/amd64/libzip.so
7efc61306000-7efc61506000 ---p 00017000 08:01 2108526                    /usr/lib/jvm/java-7-oracle/jre/lib/amd64/libzip.so
7efc61506000-7efc61507000 rw-p 00017000 08:01 2108526                    /usr/lib/jvm/java-7-oracle/jre/lib/amd64/libzip.so
7efc61507000-7efc61513000 r-xp 00000000 08:01 1315145                    /lib/x86_64-linux-gnu/libnss_files-2.21.so
7efc61513000-7efc61712000 ---p 0000c000 08:01 1315145                    /lib/x86_64-linux-gnu/libnss_files-2.21.so
7efc61712000-7efc61713000 r--p 0000b000 08:01 1315145                    /lib/x86_64-linux-gnu/libnss_files-2.21.so
7efc61713000-7efc61714000 rw-p 0000c000 08:01 1315145                    /lib/x86_64-linux-gnu/libnss_files-2.21.so
7efc61714000-7efc6171f000 r-xp 00000000 08:01 1315155                    /lib/x86_64-linux-gnu/libnss_nis-2.21.so
7efc6171f000-7efc6191e000 ---p 0000b000 08:01 1315155                    /lib/x86_64-linux-gnu/libnss_nis-2.21.so
7efc6191e000-7efc6191f000 r--p 0000a000 08:01 1315155                    /lib/x86_64-linux-gnu/libnss_nis-2.21.so
7efc6191f000-7efc61920000 rw-p 0000b000 08:01 1315155                    /lib/x86_64-linux-gnu/libnss_nis-2.21.so
7efc61920000-7efc61937000 r-xp 00000000 08:01 1315139                    /lib/x86_64-linux-gnu/libnsl-2.21.so
7efc61937000-7efc61b36000 ---p 00017000 08:01 1315139                    /lib/x86_64-linux-gnu/libnsl-2.21.so
7efc61b36000-7efc61b37000 r--p 00016000 08:01 1315139                    /lib/x86_64-linux-gnu/libnsl-2.21.so
7efc61b37000-7efc61b38000 rw-p 00017000 08:01 1315139                    /lib/x86_64-linux-gnu/libnsl-2.21.so
7efc61b38000-7efc61b3a000 rw-p 00000000 00:00 0 
7efc61b3a000-7efc61b42000 r-xp 00000000 08:01 1315141                    /lib/x86_64-linux-gnu/libnss_compat-2.21.so
7efc61b42000-7efc61d41000 ---p 00008000 08:01 1315141                    /lib/x86_64-linux-gnu/libnss_compat-2.21.so
7efc61d41000-7efc61d42000 r--p 00007000 08:01 1315141                    /lib/x86_64-linux-gnu/libnss_compat-2.21.so
7efc61d42000-7efc61d43000 rw-p 00008000 08:01 1315141                    /lib/x86_64-linux-gnu/libnss_compat-2.21.so
7efc61d43000-7efc61d4d000 r-xp 00000000 08:01 2108539                    /usr/lib/jvm/java-7-oracle/jre/lib/amd64/libinstrument.so
7efc61d4d000-7efc61f4c000 ---p 0000a000 08:01 2108539                    /usr/lib/jvm/java-7-oracle/jre/lib/amd64/libinstrument.so
7efc61f4c000-7efc61f4d000 rw-p 00009000 08:01 2108539                    /usr/lib/jvm/java-7-oracle/jre/lib/amd64/libinstrument.so
7efc61f4d000-7efc61f76000 r-xp 00000000 08:01 2108491                    /usr/lib/jvm/java-7-oracle/jre/lib/amd64/libjava.so
7efc61f76000-7efc62176000 ---p 00029000 08:01 2108491                    /usr/lib/jvm/java-7-oracle/jre/lib/amd64/libjava.so
7efc62176000-7efc62178000 rw-p 00029000 08:01 2108491                    /usr/lib/jvm/java-7-oracle/jre/lib/amd64/libjava.so
7efc62178000-7efc62185000 r-xp 00000000 08:01 2108519                    /usr/lib/jvm/java-7-oracle/jre/lib/amd64/libverify.so
7efc62185000-7efc62384000 ---p 0000d000 08:01 2108519                    /usr/lib/jvm/java-7-oracle/jre/lib/amd64/libverify.so
7efc62384000-7efc62386000 rw-p 0000c000 08:01 2108519                    /usr/lib/jvm/java-7-oracle/jre/lib/amd64/libverify.so
7efc62386000-7efc6238d000 r-xp 00000000 08:01 1315200                    /lib/x86_64-linux-gnu/librt-2.21.so
7efc6238d000-7efc6258c000 ---p 00007000 08:01 1315200                    /lib/x86_64-linux-gnu/librt-2.21.so
7efc6258c000-7efc6258d000 r--p 00006000 08:01 1315200                    /lib/x86_64-linux-gnu/librt-2.21.so
7efc6258d000-7efc6258e000 rw-p 00007000 08:01 1315200                    /lib/x86_64-linux-gnu/librt-2.21.so
7efc6258e000-7efc62695000 r-xp 00000000 08:01 1315118                    /lib/x86_64-linux-gnu/libm-2.21.so
7efc62695000-7efc62894000 ---p 00107000 08:01 1315118                    /lib/x86_64-linux-gnu/libm-2.21.so
7efc62894000-7efc62895000 r--p 00106000 08:01 1315118                    /lib/x86_64-linux-gnu/libm-2.21.so
7efc62895000-7efc62896000 rw-p 00107000 08:01 1315118                    /lib/x86_64-linux-gnu/libm-2.21.so
7efc62896000-7efc6340c000 r-xp 00000000 08:01 2108546                    /usr/lib/jvm/java-7-oracle/jre/lib/amd64/server/libjvm.so
7efc6340c000-7efc6360b000 ---p 00b76000 08:01 2108546                    /usr/lib/jvm/java-7-oracle/jre/lib/amd64/server/libjvm.so
7efc6360b000-7efc636cf000 rw-p 00b75000 08:01 2108546                    /usr/lib/jvm/java-7-oracle/jre/lib/amd64/server/libjvm.so
7efc636cf000-7efc63710000 rw-p 00000000 00:00 0 
7efc63710000-7efc638d0000 r-xp 00000000 08:01 1315059                    /lib/x86_64-linux-gnu/libc-2.21.so
7efc638d0000-7efc63ad0000 ---p 001c0000 08:01 1315059                    /lib/x86_64-linux-gnu/libc-2.21.so
7efc63ad0000-7efc63ad4000 r--p 001c0000 08:01 1315059                    /lib/x86_64-linux-gnu/libc-2.21.so
7efc63ad4000-7efc63ad6000 rw-p 001c4000 08:01 1315059                    /lib/x86_64-linux-gnu/libc-2.21.so
7efc63ad6000-7efc63ada000 rw-p 00000000 00:00 0 
7efc63ada000-7efc63add000 r-xp 00000000 08:01 1315076                    /lib/x86_64-linux-gnu/libdl-2.21.so
7efc63add000-7efc63cdc000 ---p 00003000 08:01 1315076                    /lib/x86_64-linux-gnu/libdl-2.21.so
7efc63cdc000-7efc63cdd000 r--p 00002000 08:01 1315076                    /lib/x86_64-linux-gnu/libdl-2.21.so
7efc63cdd000-7efc63cde000 rw-p 00003000 08:01 1315076                    /lib/x86_64-linux-gnu/libdl-2.21.so
7efc63cde000-7efc63cf3000 r-xp 00000000 08:01 2109228                    /usr/lib/jvm/java-7-oracle/lib/amd64/jli/libjli.so
7efc63cf3000-7efc63ef2000 ---p 00015000 08:01 2109228                    /usr/lib/jvm/java-7-oracle/lib/amd64/jli/libjli.so
7efc63ef2000-7efc63ef3000 rw-p 00014000 08:01 2109228                    /usr/lib/jvm/java-7-oracle/lib/amd64/jli/libjli.so
7efc63ef3000-7efc63f0b000 r-xp 00000000 08:01 1315192                    /lib/x86_64-linux-gnu/libpthread-2.21.so
7efc63f0b000-7efc6410b000 ---p 00018000 08:01 1315192                    /lib/x86_64-linux-gnu/libpthread-2.21.so
7efc6410b000-7efc6410c000 r--p 00018000 08:01 1315192                    /lib/x86_64-linux-gnu/libpthread-2.21.so
7efc6410c000-7efc6410d000 rw-p 00019000 08:01 1315192                    /lib/x86_64-linux-gnu/libpthread-2.21.so
7efc6410d000-7efc64111000 rw-p 00000000 00:00 0 
7efc64111000-7efc64135000 r-xp 00000000 08:01 1315031                    /lib/x86_64-linux-gnu/ld-2.21.so
7efc64137000-7efc64146000 r--s 000dd000 08:01 1972025                    /home/germaaan/Android/Sdk/build-tools/22.0.1/lib/dx.jar
7efc64146000-7efc64150000 rw-p 00000000 00:00 0 
7efc64150000-7efc64206000 rw-p 00000000 00:00 0 
7efc64206000-7efc64209000 ---p 00000000 00:00 0 
7efc64209000-7efc6430b000 rw-p 00000000 00:00 0                          [stack:11730]
7efc6430c000-7efc6430d000 rw-p 00000000 00:00 0 
7efc6430d000-7efc64311000 r--s 0008b000 08:01 2109124                    /usr/lib/jvm/java-7-oracle/jre/lib/jsse.jar
7efc64311000-7efc64312000 r--s 00000000 08:01 2491414                    /usr/share/java/jayatanaag.jar
7efc64312000-7efc64328000 rw-p 00000000 00:00 0 
7efc64328000-7efc64330000 rw-s 00000000 08:01 1048680                    /tmp/hsperfdata_germaaan/11724
7efc64330000-7efc64331000 rw-p 00000000 00:00 0 
7efc64331000-7efc64332000 ---p 00000000 00:00 0 
7efc64332000-7efc64334000 rw-p 00000000 00:00 0 
7efc64334000-7efc64335000 r--p 00023000 08:01 1315031                    /lib/x86_64-linux-gnu/ld-2.21.so
7efc64335000-7efc64336000 rw-p 00024000 08:01 1315031                    /lib/x86_64-linux-gnu/ld-2.21.so
7efc64336000-7efc64337000 rw-p 00000000 00:00 0 
7ffc66821000-7ffc66843000 rw-p 00000000 00:00 0                          [stack]
7ffc668d0000-7ffc668d2000 r--p 00000000 00:00 0                          [vvar]
7ffc668d2000-7ffc668d4000 r-xp 00000000 00:00 0                          [vdso]
ffffffffff600000-ffffffffff601000 r-xp 00000000 00:00 0                  [vsyscall]

VM Arguments:
jvm_args: -javaagent:/usr/share/java/jayatanaag.jar -Xmx1024M -Dfile.encoding=UTF-8 -Duser.country=ES -Duser.language=es -Duser.variant 
java_command: com.android.dx.command.Main --dex --output /home/germaaan/proyectos/PDM/TutorialPosicionamiento/AndroidStudioProject/app/build/intermediates/dex/debug /home/germaaan/proyectos/PDM/TutorialPosicionamiento/AndroidStudioProject/app/build/intermediates/classes/debug /home/germaaan/proyectos/PDM/TutorialPosicionamiento/AndroidStudioProject/app/build/intermediates/pre-dexed/debug/support-annotations-22.1.1-76293f5fa0cb6ff43ecc920f844580506fd5d1a6.jar /home/germaaan/proyectos/PDM/TutorialPosicionamiento/AndroidStudioProject/app/build/intermediates/pre-dexed/debug/classes-b31d20b41c750192948ba59014ccc78e4e22f647.jar /home/germaaan/proyectos/PDM/TutorialPosicionamiento/AndroidStudioProject/app/build/intermediates/pre-dexed/debug/classes-cf0f74013ea518e59a3dcf32fa0b308e2023c50b.jar /home/germaaan/proyectos/PDM/TutorialPosicionamiento/AndroidStudioProject/app/build/intermediates/pre-dexed/debug/classes-316099b6241450b5fb1a02ff0cee602ba76cec2f.jar /home/germaaan/proyectos/PDM/TutorialPosicionamiento/AndroidStudioProject/app/build/intermediates/pre-dexed/debug/classes-be0b2f30b25e2449d0434c5839928d54a8ed6e8a.jar /home/germaaan/proyectos/PDM/TutorialPosicionamiento/AndroidStudioProject/app/build/intermediates/pre-dexed/debug/classes-52d236bb1187a9325b5fbb65fe2fb436bc3d043b.jar /home/germaaan/proyectos/PDM/TutorialPosicionamiento/AndroidStudioProject/app/build/intermediates/pre-dexed/debug/classes-508de432f622bb7f32ad7a830ab805d245a80297.jar /home/germaaan/proyectos/PDM/TutorialPosicionamiento/AndroidStudioProject/app/build/intermediates/pre-dexed/debug/classes-1f9b018d0adfcf9aae9eb9f2d969a80115684388.jar /home/germaaan/proyectos/PDM/TutorialPosicionamiento/AndroidStudioProject/app/build/intermediates/pre-dexed/debug/classes-06930c36f4a1899ff6e1c18d04003cd6497c0c30.jar /home/germaaan/proyectos/PDM/TutorialPosicionamiento/AndroidStudioProject/app/build/intermediates/pre-dexed/debug/classes-4066e15576568aceea0fbf42f88c642cc9ba25c1.jar /home/germaaan/proyectos/PDM/Tut
Launcher Type: SUN_STANDARD

Environment Variables:
JAVA_HOME=/usr/lib/jvm/java-7-oracle
JAVA_TOOL_OPTIONS=-javaagent:/usr/share/java/jayatanaag.jar 
PATH=/usr/local/sbin:/usr/local/bin:/usr/sbin:/usr/bin:/sbin:/bin:/usr/games:/usr/local/games:/usr/lib/jvm/java-7-oracle/bin:/usr/lib/jvm/java-7-oracle/db/bin:/usr/lib/jvm/java-7-oracle/jre/bin
SHELL=/bin/bash
DISPLAY=:0

Signal Handlers:
SIGSEGV: [libjvm.so+0x9a3b20], sa_mask[0]=0x7ffbfeff, sa_flags=0x10000004
SIGBUS: [libjvm.so+0x9a3b20], sa_mask[0]=0x7ffbfeff, sa_flags=0x10000004
SIGFPE: [libjvm.so+0x81e740], sa_mask[0]=0x7ffbfeff, sa_flags=0x10000004
SIGPIPE: [libjvm.so+0x81e740], sa_mask[0]=0x7ffbfeff, sa_flags=0x10000004
SIGXFSZ: [libjvm.so+0x81e740], sa_mask[0]=0x7ffbfeff, sa_flags=0x10000004
SIGILL: [libjvm.so+0x81e740], sa_mask[0]=0x7ffbfeff, sa_flags=0x10000004
SIGUSR1: SIG_DFL, sa_mask[0]=0x00000000, sa_flags=0x00000000
SIGUSR2: [libjvm.so+0x81ffb0], sa_mask[0]=0x00000004, sa_flags=0x10000004
SIGHUP: [libjvm.so+0x8210d0], sa_mask[0]=0x7ffbfeff, sa_flags=0x10000004
SIGINT: [libjvm.so+0x8210d0], sa_mask[0]=0x7ffbfeff, sa_flags=0x10000004
SIGTERM: [libjvm.so+0x8210d0], sa_mask[0]=0x7ffbfeff, sa_flags=0x10000004
SIGQUIT: [libjvm.so+0x8210d0], sa_mask[0]=0x7ffbfeff, sa_flags=0x10000004


---------------  S Y S T E M  ---------------

OS:jessie/sid

uname:Linux 3.19.0-21-generic #21-Ubuntu SMP Sun Jun 14 18:31:11 UTC 2015 x86_64
libc:glibc 2.21 NPTL 2.21 
rlimit: STACK 8192k, CORE 0k, NPROC 14832, NOFILE 65536, AS infinity
load average:0,82 0,83 1,07

/proc/meminfo:
MemTotal:        3819324 kB
MemFree:           98484 kB
MemAvailable:      66384 kB
Buffers:            1652 kB
Cached:           297768 kB
SwapCached:        22028 kB
Active:          2531244 kB
Inactive:         989728 kB
Active(anon):    2493640 kB
Inactive(anon):   962028 kB
Active(file):      37604 kB
Inactive(file):    27700 kB
Unevictable:         732 kB
Mlocked:             732 kB
SwapTotal:       1998844 kB
SwapFree:          37040 kB
Dirty:                56 kB
Writeback:             0 kB
AnonPages:       3202340 kB
Mapped:           141248 kB
Shmem:            233408 kB
Slab:              81012 kB
SReclaimable:      39420 kB
SUnreclaim:        41592 kB
KernelStack:       13152 kB
PageTables:        62604 kB
NFS_Unstable:          0 kB
Bounce:                0 kB
WritebackTmp:          0 kB
CommitLimit:     3908504 kB
Committed_AS:   11836636 kB
VmallocTotal:   34359738367 kB
VmallocUsed:      349320 kB
VmallocChunk:   34359382492 kB
HardwareCorrupted:     0 kB
AnonHugePages:    634880 kB
CmaTotal:              0 kB
CmaFree:               0 kB
HugePages_Total:       0
HugePages_Free:        0
HugePages_Rsvd:        0
HugePages_Surp:        0
Hugepagesize:       2048 kB
DirectMap4k:      206364 kB
DirectMap2M:     3760128 kB


CPU:total 4 (2 cores per cpu, 2 threads per core) family 6 model 42 stepping 7, cmov, cx8, fxsr, mmx, sse, sse2, sse3, ssse3, sse4.1, sse4.2, popcnt, avx, aes, ht, tsc, tscinvbit

/proc/cpuinfo:
processor	: 0
vendor_id	: GenuineIntel
cpu family	: 6
model		: 42
model name	: Intel(R) Core(TM) i5-2450M CPU @ 2.50GHz
stepping	: 7
microcode	: 0x29
cpu MHz		: 2899.902
cache size	: 3072 KB
physical id	: 0
siblings	: 4
core id		: 0
cpu cores	: 2
apicid		: 0
initial apicid	: 0
fpu		: yes
fpu_exception	: yes
cpuid level	: 13
wp		: yes
flags		: fpu vme de pse tsc msr pae mce cx8 apic sep mtrr pge mca cmov pat pse36 clflush dts acpi mmx fxsr sse sse2 ss ht tm pbe syscall nx rdtscp lm constant_tsc arch_perfmon pebs bts rep_good nopl xtopology nonstop_tsc aperfmperf eagerfpu pni pclmulqdq dtes64 monitor ds_cpl vmx est tm2 ssse3 cx16 xtpr pdcm pcid sse4_1 sse4_2 x2apic popcnt tsc_deadline_timer aes xsave avx lahf_lm ida arat epb pln pts dtherm tpr_shadow vnmi flexpriority ept vpid xsaveopt
bugs		:
bogomips	: 4989.21
clflush size	: 64
cache_alignment	: 64
address sizes	: 36 bits physical, 48 bits virtual
power management:

processor	: 1
vendor_id	: GenuineIntel
cpu family	: 6
model		: 42
model name	: Intel(R) Core(TM) i5-2450M CPU @ 2.50GHz
stepping	: 7
microcode	: 0x29
cpu MHz		: 2899.902
cache size	: 3072 KB
physical id	: 0
siblings	: 4
core id		: 1
cpu cores	: 2
apicid		: 2
initial apicid	: 2
fpu		: yes
fpu_exception	: yes
cpuid level	: 13
wp		: yes
flags		: fpu vme de pse tsc msr pae mce cx8 apic sep mtrr pge mca cmov pat pse36 clflush dts acpi mmx fxsr sse sse2 ss ht tm pbe syscall nx rdtscp lm constant_tsc arch_perfmon pebs bts rep_good nopl xtopology nonstop_tsc aperfmperf eagerfpu pni pclmulqdq dtes64 monitor ds_cpl vmx est tm2 ssse3 cx16 xtpr pdcm pcid sse4_1 sse4_2 x2apic popcnt tsc_deadline_timer aes xsave avx lahf_lm ida arat epb pln pts dtherm tpr_shadow vnmi flexpriority ept vpid xsaveopt
bugs		:
bogomips	: 4989.21
clflush size	: 64
cache_alignment	: 64
address sizes	: 36 bits physical, 48 bits virtual
power management:

processor	: 2
vendor_id	: GenuineIntel
cpu family	: 6
model		: 42
model name	: Intel(R) Core(TM) i5-2450M CPU @ 2.50GHz
stepping	: 7
microcode	: 0x29
cpu MHz		: 2900.000
cache size	: 3072 KB
physical id	: 0
siblings	: 4
core id		: 0
cpu cores	: 2
apicid		: 1
initial apicid	: 1
fpu		: yes
fpu_exception	: yes
cpuid level	: 13
wp		: yes
flags		: fpu vme de pse tsc msr pae mce cx8 apic sep mtrr pge mca cmov pat pse36 clflush dts acpi mmx fxsr sse sse2 ss ht tm pbe syscall nx rdtscp lm constant_tsc arch_perfmon pebs bts rep_good nopl xtopology nonstop_tsc aperfmperf eagerfpu pni pclmulqdq dtes64 monitor ds_cpl vmx est tm2 ssse3 cx16 xtpr pdcm pcid sse4_1 sse4_2 x2apic popcnt tsc_deadline_timer aes xsave avx lahf_lm ida arat epb pln pts dtherm tpr_shadow vnmi flexpriority ept vpid xsaveopt
bugs		:
bogomips	: 4989.21
clflush size	: 64
cache_alignment	: 64
address sizes	: 36 bits physical, 48 bits virtual
power management:

processor	: 3
vendor_id	: GenuineIntel
cpu family	: 6
model		: 42
model name	: Intel(R) Core(TM) i5-2450M CPU @ 2.50GHz
stepping	: 7
microcode	: 0x29
cpu MHz		: 2828.515
cache size	: 3072 KB
physical id	: 0
siblings	: 4
core id		: 1
cpu cores	: 2
apicid		: 3
initial apicid	: 3
fpu		: yes
fpu_exception	: yes
cpuid level	: 13
wp		: yes
flags		: fpu vme de pse tsc msr pae mce cx8 apic sep mtrr pge mca cmov pat pse36 clflush dts acpi mmx fxsr sse sse2 ss ht tm pbe syscall nx rdtscp lm constant_tsc arch_perfmon pebs bts rep_good nopl xtopology nonstop_tsc aperfmperf eagerfpu pni pclmulqdq dtes64 monitor ds_cpl vmx est tm2 ssse3 cx16 xtpr pdcm pcid sse4_1 sse4_2 x2apic popcnt tsc_deadline_timer aes xsave avx lahf_lm ida arat epb pln pts dtherm tpr_shadow vnmi flexpriority ept vpid xsaveopt
bugs		:
bogomips	: 4989.21
clflush size	: 64
cache_alignment	: 64
address sizes	: 36 bits physical, 48 bits virtual
power management:



Memory: 4k page, physical 3819324k(99008k free), swap 1998844k(37040k free)

vm_info: Java HotSpot(TM) 64-Bit Server VM (24.80-b11) for linux-amd64 JRE (1.7.0_80-b15), built on Apr 10 2015 19:53:14 by "java_re" with gcc 4.3.0 20080428 (Red Hat 4.3.0-8)

time: Wed Jun 24 18:53:50 2015
elapsed time: 5 seconds

