#
# There is insufficient memory for the Java Runtime Environment to continue.
# Native memory allocation (malloc) failed to allocate 78118912 bytes for committing reserved memory.
# Possible reasons:
#   The system is out of physical RAM or swap space
#   In 32 bit mode, the process size limit was hit
# Possible solutions:
#   Reduce memory load on the system
#   Increase physical memory or swap space
#   Check if swap backing store is full
#   Use 64 bit Java on a 64 bit OS
#   Decrease Java heap size (-Xmx/-Xms)
#   Decrease number of Java threads
#   Decrease Java thread stack sizes (-Xss)
#   Set larger code cache with -XX:ReservedCodeCacheSize=
# This output file may be truncated or incomplete.
#
#  Out of Memory Error (os_linux.cpp:2756), pid=11763, tid=140642532402944
#
# JRE version: Java(TM) SE Runtime Environment (7.0_80-b15) (build 1.7.0_80-b15)
# Java VM: Java HotSpot(TM) 64-Bit Server VM (24.80-b11 mixed mode linux-amd64 compressed oops)
# Failed to write core dump. Core dumps have been disabled. To enable core dumping, try "ulimit -c unlimited" before starting Java again
#

---------------  T H R E A D  ---------------

Current thread (0x00007fe9e8134000):  VMThread [stack: 0x00007fe9e41f2000,0x00007fe9e42f3000] [id=11772]

Stack: [0x00007fe9e41f2000,0x00007fe9e42f3000],  sp=0x00007fe9e42f1000,  free space=1020k
Native frames: (J=compiled Java code, j=interpreted, Vv=VM code, C=native code)
V  [libjvm.so+0x9a320a]  VMError::report_and_die()+0x2ea
V  [libjvm.so+0x498d3b]  report_vm_out_of_memory(char const*, int, unsigned long, char const*)+0x9b
V  [libjvm.so+0x82191e]  os::Linux::commit_memory_impl(char*, unsigned long, bool)+0xfe
V  [libjvm.so+0x821e69]  os::pd_commit_memory(char*, unsigned long, unsigned long, bool)+0x29
V  [libjvm.so+0x81bb6a]  os::commit_memory(char*, unsigned long, unsigned long, bool)+0x2a
V  [libjvm.so+0x88d623]  PSVirtualSpace::expand_by(unsigned long)+0x53
V  [libjvm.so+0x88e9f8]  PSYoungGen::resize_generation(unsigned long, unsigned long)+0xf8
V  [libjvm.so+0x88db62]  PSYoungGen::resize(unsigned long, unsigned long)+0x22
V  [libjvm.so+0x88af1d]  PSScavenge::invoke_no_policy()+0xf3d
V  [libjvm.so+0x88b761]  PSScavenge::invoke()+0x41
V  [libjvm.so+0x843f40]  ParallelScavengeHeap::failed_mem_allocate(unsigned long)+0x70
V  [libjvm.so+0x9a4a97]  VM_ParallelGCFailedAllocation::doit()+0x97
V  [libjvm.so+0x9abf35]  VM_Operation::evaluate()+0x55
V  [libjvm.so+0x9aa2fa]  VMThread::evaluate_operation(VM_Operation*)+0xba
V  [libjvm.so+0x9aa67e]  VMThread::loop()+0x1ce
V  [libjvm.so+0x9aaaf0]  VMThread::run()+0x70
V  [libjvm.so+0x8238c8]  java_start(Thread*)+0x108

VM_Operation (0x00007fe9eff71350): ParallelGCFailedAllocation, mode: safepoint, requested by thread 0x00007fe9e800c800


---------------  P R O C E S S  ---------------

Java Threads: ( => current thread )
  0x00007fe9e8193800 JavaThread "Service Thread" daemon [_thread_blocked, id=11778, stack(0x00007fe9de8b4000,0x00007fe9de9b5000)]
  0x00007fe9e8191000 JavaThread "C2 CompilerThread1" daemon [_thread_blocked, id=11777, stack(0x00007fe9de9b5000,0x00007fe9deab6000)]
  0x00007fe9e818e800 JavaThread "C2 CompilerThread0" daemon [_thread_blocked, id=11776, stack(0x00007fe9deab6000,0x00007fe9debb7000)]
  0x00007fe9e815b800 JavaThread "Signal Dispatcher" daemon [_thread_blocked, id=11775, stack(0x00007fe9df71c000,0x00007fe9df81d000)]
  0x00007fe9e813a800 JavaThread "Finalizer" daemon [_thread_blocked, id=11774, stack(0x00007fe9dfeff000,0x00007fe9e0000000)]
  0x00007fe9e8138800 JavaThread "Reference Handler" daemon [_thread_blocked, id=11773, stack(0x00007fe9e40f1000,0x00007fe9e41f2000)]
  0x00007fe9e800c800 JavaThread "main" [_thread_blocked, id=11767, stack(0x00007fe9efe72000,0x00007fe9eff73000)]

Other Threads:
=>0x00007fe9e8134000 VMThread [stack: 0x00007fe9e41f2000,0x00007fe9e42f3000] [id=11772]
  0x00007fe9e819e800 WatcherThread [stack: 0x00007fe9de7b3000,0x00007fe9de8b4000] [id=11779]

VM state:at safepoint (normal execution)

VM Mutex/Monitor currently owned by a thread:  ([mutex/lock_event])
[0x00007fe9e8009290] Threads_lock - owner thread: 0x00007fe9e8134000
[0x00007fe9e8009790] Heap_lock - owner thread: 0x00007fe9e800c800

Heap
 PSYoungGen      total 214016K, used 21728K [0x00000000eaa80000, 0x00000000f9d00000, 0x0000000100000000)
  eden space 189952K, 0% used [0x00000000eaa80000,0x00000000eaa80000,0x00000000f6400000)
  from space 24064K, 90% used [0x00000000f6400000,0x00000000f7938260,0x00000000f7b80000)
  to   space 13824K, 0% used [0x00000000f7b80000,0x00000000f7b80000,0x00000000f8900000)
 ParOldGen       total 59904K, used 36831K [0x00000000c0000000, 0x00000000c3a80000, 0x00000000eaa80000)
  object space 59904K, 61% used [0x00000000c0000000,0x00000000c23f7dc8,0x00000000c3a80000)
 PSPermGen       total 21504K, used 7128K [0x00000000bae00000, 0x00000000bc300000, 0x00000000c0000000)
  object space 21504K, 33% used [0x00000000bae00000,0x00000000bb4f6298,0x00000000bc300000)

Card table byte_map: [0x00007fe9ecd31000,0x00007fe9ecf5b000] byte_map_base: 0x00007fe9ec75a000

Polling page: 0x00007fe9eff9d000

Code Cache  [0x00007fe9e5000000, 0x00007fe9e5270000, 0x00007fe9e8000000)
 total_blobs=897 nmethods=644 adapters=206 free_code_cache=47518Kb largest_free_block=48621056

Compilation events (10 events):
Event: 4,453 Thread 0x00007fe9e8191000 nmethod 671 0x00007fe9e519dbd0 code [0x00007fe9e519dd40, 0x00007fe9e519df98]
Event: 4,453 Thread 0x00007fe9e8191000  673             com.android.dx.io.instructions.InstructionCodec::encodeRegisterRange (26 bytes)
Event: 4,454 Thread 0x00007fe9e818e800 nmethod 672 0x00007fe9e519d4d0 code [0x00007fe9e519d640, 0x00007fe9e519d878]
Event: 4,454 Thread 0x00007fe9e818e800  674             com.android.dx.io.instructions.RegisterRangeDecodedInstruction::getRegisterCount (5 bytes)
Event: 4,454 Thread 0x00007fe9e818e800 nmethod 674 0x00007fe9e5194c10 code [0x00007fe9e5194d40, 0x00007fe9e5194d98]
Event: 4,454 Thread 0x00007fe9e818e800  675             com.android.dx.io.instructions.RegisterRangeDecodedInstruction::getA (5 bytes)
Event: 4,454 Thread 0x00007fe9e818e800 nmethod 675 0x00007fe9e5194ed0 code [0x00007fe9e5195000, 0x00007fe9e5195058]
Event: 4,456 Thread 0x00007fe9e8191000 nmethod 673 0x00007fe9e51a1390 code [0x00007fe9e51a1500, 0x00007fe9e51a1738]
Event: 4,509 Thread 0x00007fe9e818e800  676             java.nio.Buffer::hasRemaining (17 bytes)
Event: 4,510 Thread 0x00007fe9e818e800 nmethod 676 0x00007fe9e519f190 code [0x00007fe9e519f2c0, 0x00007fe9e519f318]

GC Heap History (10 events):
Event: 2,923 GC heap after
Heap after GC invocations=7 (full 0):
 PSYoungGen      total 73216K, used 9058K [0x00000000eaa80000, 0x00000000f3b80000, 0x0000000100000000)
  eden space 63488K, 0% used [0x00000000eaa80000,0x00000000eaa80000,0x00000000ee880000)
  from space 9728K, 93% used [0x00000000ee880000,0x00000000ef158be8,0x00000000ef200000)
  to   space 10752K, 0% used [0x00000000f3100000,0x00000000f3100000,0x00000000f3b80000)
 ParOldGen       total 39424K, used 22299K [0x00000000c0000000, 0x00000000c2680000, 0x00000000eaa80000)
  object space 39424K, 56% used [0x00000000c0000000,0x00000000c15c6f98,0x00000000c2680000)
 PSPermGen       total 21504K, used 7117K [0x00000000bae00000, 0x00000000bc300000, 0x00000000c0000000)
  object space 21504K, 33% used [0x00000000bae00000,0x00000000bb4f3498,0x00000000bc300000)
}
Event: 3,220 GC heap before
{Heap before GC invocations=8 (full 0):
 PSYoungGen      total 73216K, used 72546K [0x00000000eaa80000, 0x00000000f3b80000, 0x0000000100000000)
  eden space 63488K, 100% used [0x00000000eaa80000,0x00000000ee880000,0x00000000ee880000)
  from space 9728K, 93% used [0x00000000ee880000,0x00000000ef158be8,0x00000000ef200000)
  to   space 10752K, 0% used [0x00000000f3100000,0x00000000f3100000,0x00000000f3b80000)
 ParOldGen       total 39424K, used 22299K [0x00000000c0000000, 0x00000000c2680000, 0x00000000eaa80000)
  object space 39424K, 56% used [0x00000000c0000000,0x00000000c15c6f98,0x00000000c2680000)
 PSPermGen       total 21504K, used 7119K [0x00000000bae00000, 0x00000000bc300000, 0x00000000c0000000)
  object space 21504K, 33% used [0x00000000bae00000,0x00000000bb4f3c50,0x00000000bc300000)
Event: 3,265 GC heap after
Heap after GC invocations=8 (full 0):
 PSYoungGen      total 135680K, used 10720K [0x00000000eaa80000, 0x00000000f3f80000, 0x0000000100000000)
  eden space 124928K, 0% used [0x00000000eaa80000,0x00000000eaa80000,0x00000000f2480000)
  from space 10752K, 99% used [0x00000000f3100000,0x00000000f3b781d8,0x00000000f3b80000)
  to   space 12800K, 0% used [0x00000000f2480000,0x00000000f2480000,0x00000000f3100000)
 ParOldGen       total 39424K, used 23397K [0x00000000c0000000, 0x00000000c2680000, 0x00000000eaa80000)
  object space 39424K, 59% used [0x00000000c0000000,0x00000000c16d9640,0x00000000c2680000)
 PSPermGen       total 21504K, used 7119K [0x00000000bae00000, 0x00000000bc300000, 0x00000000c0000000)
  object space 21504K, 33% used [0x00000000bae00000,0x00000000bb4f3c50,0x00000000bc300000)
}
Event: 3,578 GC heap before
{Heap before GC invocations=9 (full 0):
 PSYoungGen      total 135680K, used 135648K [0x00000000eaa80000, 0x00000000f3f80000, 0x0000000100000000)
  eden space 124928K, 100% used [0x00000000eaa80000,0x00000000f2480000,0x00000000f2480000)
  from space 10752K, 99% used [0x00000000f3100000,0x00000000f3b781d8,0x00000000f3b80000)
  to   space 12800K, 0% used [0x00000000f2480000,0x00000000f2480000,0x00000000f3100000)
 ParOldGen       total 39424K, used 23397K [0x00000000c0000000, 0x00000000c2680000, 0x00000000eaa80000)
  object space 39424K, 59% used [0x00000000c0000000,0x00000000c16d9640,0x00000000c2680000)
 PSPermGen       total 21504K, used 7125K [0x00000000bae00000, 0x00000000bc300000, 0x00000000c0000000)
  object space 21504K, 33% used [0x00000000bae00000,0x00000000bb4f54c8,0x00000000bc300000)
Event: 3,592 GC heap after
Heap after GC invocations=9 (full 0):
 PSYoungGen      total 137728K, used 12013K [0x00000000eaa80000, 0x00000000f8900000, 0x0000000100000000)
  eden space 124928K, 0% used [0x00000000eaa80000,0x00000000eaa80000,0x00000000f2480000)
  from space 12800K, 93% used [0x00000000f2480000,0x00000000f303b460,0x00000000f3100000)
  to   space 13824K, 0% used [0x00000000f7b80000,0x00000000f7b80000,0x00000000f8900000)
 ParOldGen       total 39424K, used 26109K [0x00000000c0000000, 0x00000000c2680000, 0x00000000eaa80000)
  object space 39424K, 66% used [0x00000000c0000000,0x00000000c197f688,0x00000000c2680000)
 PSPermGen       total 21504K, used 7125K [0x00000000bae00000, 0x00000000bc300000, 0x00000000c0000000)
  object space 21504K, 33% used [0x00000000bae00000,0x00000000bb4f54c8,0x00000000bc300000)
}
Event: 3,896 GC heap before
{Heap before GC invocations=10 (full 0):
 PSYoungGen      total 137728K, used 136941K [0x00000000eaa80000, 0x00000000f8900000, 0x0000000100000000)
  eden space 124928K, 100% used [0x00000000eaa80000,0x00000000f2480000,0x00000000f2480000)
  from space 12800K, 93% used [0x00000000f2480000,0x00000000f303b460,0x00000000f3100000)
  to   space 13824K, 0% used [0x00000000f7b80000,0x00000000f7b80000,0x00000000f8900000)
 ParOldGen       total 39424K, used 26109K [0x00000000c0000000, 0x00000000c2680000, 0x00000000eaa80000)
  object space 39424K, 66% used [0x00000000c0000000,0x00000000c197f688,0x00000000c2680000)
 PSPermGen       total 21504K, used 7130K [0x00000000bae00000, 0x00000000bc300000, 0x00000000c0000000)
  object space 21504K, 33% used [0x00000000bae00000,0x00000000bb4f6a68,0x00000000bc300000)
Event: 3,947 GC heap after
Heap after GC invocations=10 (full 0):
 PSYoungGen      total 203776K, used 13812K [0x00000000eaa80000, 0x00000000f9d00000, 0x0000000100000000)
  eden space 189952K, 0% used [0x00000000eaa80000,0x00000000eaa80000,0x00000000f6400000)
  from space 13824K, 99% used [0x00000000f7b80000,0x00000000f88fd3c8,0x00000000f8900000)
  to   space 24064K, 0% used [0x00000000f6400000,0x00000000f6400000,0x00000000f7b80000)
 ParOldGen       total 49664K, used 48945K [0x00000000c0000000, 0x00000000c3080000, 0x00000000eaa80000)
  object space 49664K, 98% used [0x00000000c0000000,0x00000000c2fcc768,0x00000000c3080000)
 PSPermGen       total 21504K, used 7130K [0x00000000bae00000, 0x00000000bc300000, 0x00000000c0000000)
  object space 21504K, 33% used [0x00000000bae00000,0x00000000bb4f6a68,0x00000000bc300000)
}
Event: 3,948 GC heap before
{Heap before GC invocations=11 (full 1):
 PSYoungGen      total 203776K, used 13812K [0x00000000eaa80000, 0x00000000f9d00000, 0x0000000100000000)
  eden space 189952K, 0% used [0x00000000eaa80000,0x00000000eaa80000,0x00000000f6400000)
  from space 13824K, 99% used [0x00000000f7b80000,0x00000000f88fd3c8,0x00000000f8900000)
  to   space 24064K, 0% used [0x00000000f6400000,0x00000000f6400000,0x00000000f7b80000)
 ParOldGen       total 49664K, used 48945K [0x00000000c0000000, 0x00000000c3080000, 0x00000000eaa80000)
  object space 49664K, 98% used [0x00000000c0000000,0x00000000c2fcc768,0x00000000c3080000)
 PSPermGen       total 21504K, used 7130K [0x00000000bae00000, 0x00000000bc300000, 0x00000000c0000000)
  object space 21504K, 33% used [0x00000000bae00000,0x00000000bb4f6a68,0x00000000bc300000)
Event: 4,077 GC heap after
Heap after GC invocations=11 (full 1):
 PSYoungGen      total 203776K, used 0K [0x00000000eaa80000, 0x00000000f9d00000, 0x0000000100000000)
  eden space 189952K, 0% used [0x00000000eaa80000,0x00000000eaa80000,0x00000000f6400000)
  from space 13824K, 0% used [0x00000000f7b80000,0x00000000f7b80000,0x00000000f8900000)
  to   space 24064K, 0% used [0x00000000f6400000,0x00000000f6400000,0x00000000f7b80000)
 ParOldGen       total 59904K, used 25852K [0x00000000c0000000, 0x00000000c3a80000, 0x00000000eaa80000)
  object space 59904K, 43% used [0x00000000c0000000,0x00000000c193f3a0,0x00000000c3a80000)
 PSPermGen       total 21504K, used 7127K [0x00000000bae00000, 0x00000000bc300000, 0x00000000c0000000)
  object space 21504K, 33% used [0x00000000bae00000,0x00000000bb4f5f58,0x00000000bc300000)
}
Event: 4,567 GC heap before
{Heap before GC invocations=12 (full 1):
 PSYoungGen      total 203776K, used 189952K [0x00000000eaa80000, 0x00000000f9d00000, 0x0000000100000000)
  eden space 189952K, 100% used [0x00000000eaa80000,0x00000000f6400000,0x00000000f6400000)
  from space 13824K, 0% used [0x00000000f7b80000,0x00000000f7b80000,0x00000000f8900000)
  to   space 24064K, 0% used [0x00000000f6400000,0x00000000f6400000,0x00000000f7b80000)
 ParOldGen       total 59904K, used 25852K [0x00000000c0000000, 0x00000000c3a80000, 0x00000000eaa80000)
  object space 59904K, 43% used [0x00000000c0000000,0x00000000c193f3a0,0x00000000c3a80000)
 PSPermGen       total 21504K, used 7128K [0x00000000bae00000, 0x00000000bc300000, 0x00000000c0000000)
  object space 21504K, 33% used [0x00000000bae00000,0x00000000bb4f6298,0x00000000bc300000)

Deoptimization events (10 events):
Event: 2,828 Thread 0x00007fe9e800c800 Uncommon trap: reason=array_check action=maybe_recompile pc=0x00007fe9e508da14 method=java.util.TimSort.binarySort([Ljava/lang/Object;IIILjava/util/Comparator;)V @ 193
Event: 3,052 Thread 0x00007fe9e800c800 Uncommon trap: reason=array_check action=maybe_recompile pc=0x00007fe9e5156590 method=java.util.ComparableTimSort.binarySort([Ljava/lang/Object;III)V @ 183
Event: 3,510 Thread 0x00007fe9e800c800 Uncommon trap: reason=unstable_if action=reinterpret pc=0x00007fe9e5090244 method=java.util.ComparableTimSort.mergeHi(IIII)V @ 553
Event: 4,188 Thread 0x00007fe9e800c800 Uncommon trap: reason=unstable_if action=reinterpret pc=0x00007fe9e510135c method=com.android.dex.Mutf8.countBytes(Ljava/lang/String;Z)J @ 28
Event: 4,189 Thread 0x00007fe9e800c800 Uncommon trap: reason=unstable_if action=reinterpret pc=0x00007fe9e50cdcac method=com.android.dex.Mutf8.encode([BILjava/lang/String;)V @ 24
Event: 4,189 Thread 0x00007fe9e800c800 Uncommon trap: reason=unstable_if action=reinterpret pc=0x00007fe9e50ffa80 method=com.android.dex.Mutf8.countBytes(Ljava/lang/String;Z)J @ 28
Event: 4,190 Thread 0x00007fe9e800c800 Uncommon trap: reason=unstable_if action=reinterpret pc=0x00007fe9e50f7bc8 method=com.android.dex.Mutf8.countBytes(Ljava/lang/String;Z)J @ 28
Event: 4,190 Thread 0x00007fe9e800c800 Uncommon trap: reason=unstable_if action=reinterpret pc=0x00007fe9e50f1f90 method=com.android.dex.Mutf8.countBytes(Ljava/lang/String;Z)J @ 28
Event: 4,190 Thread 0x00007fe9e800c800 Uncommon trap: reason=unstable_if action=reinterpret pc=0x00007fe9e50ca588 method=com.android.dex.Mutf8.countBytes(Ljava/lang/String;Z)J @ 28
Event: 4,383 Thread 0x00007fe9e800c800 Uncommon trap: reason=unstable_if action=reinterpret pc=0x00007fe9e5181d0c method=java.util.ComparableTimSort.mergeLo(IIII)V @ 506

Internal exceptions (10 events):
Event: 1,656 Thread 0x00007fe9e800c800 Threw 0x00000000eb1148f8 at /HUDSON/workspace/7u-2-build-linux-amd64/jdk7u80/2329/hotspot/src/share/vm/prims/jvm.cpp:1319
Event: 1,656 Thread 0x00007fe9e800c800 Threw 0x00000000eb117ec8 at /HUDSON/workspace/7u-2-build-linux-amd64/jdk7u80/2329/hotspot/src/share/vm/prims/jvm.cpp:1319
Event: 1,657 Thread 0x00007fe9e800c800 Threw 0x00000000eb11bb38 at /HUDSON/workspace/7u-2-build-linux-amd64/jdk7u80/2329/hotspot/src/share/vm/prims/jvm.cpp:1319
Event: 1,659 Thread 0x00007fe9e800c800 Threw 0x00000000eb1231c8 at /HUDSON/workspace/7u-2-build-linux-amd64/jdk7u80/2329/hotspot/src/share/vm/prims/jvm.cpp:1319
Event: 1,659 Thread 0x00007fe9e800c800 Threw 0x00000000eb125668 at /HUDSON/workspace/7u-2-build-linux-amd64/jdk7u80/2329/hotspot/src/share/vm/prims/jvm.cpp:1319
Event: 1,709 Thread 0x00007fe9e800c800 Threw 0x00000000eb226480 at /HUDSON/workspace/7u-2-build-linux-amd64/jdk7u80/2329/hotspot/src/share/vm/prims/jvm.cpp:1319
Event: 1,709 Thread 0x00007fe9e800c800 Threw 0x00000000eb2265a8 at /HUDSON/workspace/7u-2-build-linux-amd64/jdk7u80/2329/hotspot/src/share/vm/prims/jvm.cpp:1319
Event: 1,710 Thread 0x00007fe9e800c800 Threw 0x00000000eb228918 at /HUDSON/workspace/7u-2-build-linux-amd64/jdk7u80/2329/hotspot/src/share/vm/prims/jvm.cpp:1319
Event: 1,710 Thread 0x00007fe9e800c800 Threw 0x00000000eb228a40 at /HUDSON/workspace/7u-2-build-linux-amd64/jdk7u80/2329/hotspot/src/share/vm/prims/jvm.cpp:1319
Event: 2,112 Thread 0x00007fe9e800c800 Threw 0x00000000eb9eeeb8 at /HUDSON/workspace/7u-2-build-linux-amd64/jdk7u80/2329/hotspot/src/share/vm/prims/jvm.cpp:1319

Events (10 events):
Event: 4,190 Thread 0x00007fe9e800c800 DEOPT UNPACKING pc=0x00007fe9e5039445 sp=0x00007fe9eff713c0 mode 2
Event: 4,190 Thread 0x00007fe9e800c800 Uncommon trap: trap_request=0xffffff75 fr.pc=0x00007fe9e50ca588
Event: 4,190 Thread 0x00007fe9e800c800 DEOPT PACKING pc=0x00007fe9e50ca588 sp=0x00007fe9eff71400
Event: 4,190 Thread 0x00007fe9e800c800 DEOPT UNPACKING pc=0x00007fe9e5039445 sp=0x00007fe9eff713c0 mode 2
Event: 4,246 Thread 0x00007fe9e818e800 flushing nmethod 0x00007fe9e512e750
Event: 4,246 Thread 0x00007fe9e818e800 flushing nmethod 0x00007fe9e51390d0
Event: 4,383 Thread 0x00007fe9e800c800 Uncommon trap: trap_request=0xffffff75 fr.pc=0x00007fe9e5181d0c
Event: 4,383 Thread 0x00007fe9e800c800 DEOPT PACKING pc=0x00007fe9e5181d0c sp=0x00007fe9eff71370
Event: 4,383 Thread 0x00007fe9e800c800 DEOPT UNPACKING pc=0x00007fe9e5039445 sp=0x00007fe9eff71378 mode 2
Event: 4,564 Executing VM operation: ParallelGCFailedAllocation


Dynamic libraries:
00400000-00401000 r-xp 00000000 08:01 2110507                            /usr/lib/jvm/java-7-oracle/bin/java
00600000-00601000 rw-p 00000000 08:01 2110507                            /usr/lib/jvm/java-7-oracle/bin/java
009af000-009d0000 rw-p 00000000 00:00 0                                  [heap]
bae00000-bc300000 rw-p 00000000 00:00 0 
bc300000-c0000000 rw-p 00000000 00:00 0 
c0000000-c3a80000 rw-p 00000000 00:00 0 
c3a80000-eaa80000 rw-p 00000000 00:00 0 
eaa80000-f9d00000 rw-p 00000000 00:00 0 
fe780000-100000000 rw-p 00000000 00:00 0 
7fe9a8000000-7fe9a8021000 rw-p 00000000 00:00 0 
7fe9a8021000-7fe9ac000000 ---p 00000000 00:00 0 
7fe9b0000000-7fe9b06c7000 rw-p 00000000 00:00 0 
7fe9b06c7000-7fe9b4000000 ---p 00000000 00:00 0 
7fe9b4000000-7fe9b4021000 rw-p 00000000 00:00 0 
7fe9b4021000-7fe9b8000000 ---p 00000000 00:00 0 
7fe9b8000000-7fe9b8021000 rw-p 00000000 00:00 0 
7fe9b8021000-7fe9bc000000 ---p 00000000 00:00 0 
7fe9bc000000-7fe9bc61c000 rw-p 00000000 00:00 0 
7fe9bc61c000-7fe9c0000000 ---p 00000000 00:00 0 
7fe9c0000000-7fe9c0021000 rw-p 00000000 00:00 0 
7fe9c0021000-7fe9c4000000 ---p 00000000 00:00 0 
7fe9c4000000-7fe9c4021000 rw-p 00000000 00:00 0 
7fe9c4021000-7fe9c8000000 ---p 00000000 00:00 0 
7fe9c8000000-7fe9c8021000 rw-p 00000000 00:00 0 
7fe9c8021000-7fe9cc000000 ---p 00000000 00:00 0 
7fe9cc000000-7fe9cc021000 rw-p 00000000 00:00 0 
7fe9cc021000-7fe9d0000000 ---p 00000000 00:00 0 
7fe9d0000000-7fe9d0021000 rw-p 00000000 00:00 0 
7fe9d0021000-7fe9d4000000 ---p 00000000 00:00 0 
7fe9d5d70000-7fe9d8000000 rw-p 00000000 00:00 0 
7fe9d8000000-7fe9d8021000 rw-p 00000000 00:00 0 
7fe9d8021000-7fe9dc000000 ---p 00000000 00:00 0 
7fe9ddf1d000-7fe9de38b000 rw-p 00000000 00:00 0 
7fe9de38b000-7fe9de3a2000 r-xp 00000000 08:01 2108531                    /usr/lib/jvm/java-7-oracle/jre/lib/amd64/libnet.so
7fe9de3a2000-7fe9de5a1000 ---p 00017000 08:01 2108531                    /usr/lib/jvm/java-7-oracle/jre/lib/amd64/libnet.so
7fe9de5a1000-7fe9de5a2000 rw-p 00016000 08:01 2108531                    /usr/lib/jvm/java-7-oracle/jre/lib/amd64/libnet.so
7fe9de5a2000-7fe9de5b2000 r-xp 00000000 08:01 2108496                    /usr/lib/jvm/java-7-oracle/jre/lib/amd64/libnio.so
7fe9de5b2000-7fe9de7b2000 ---p 00010000 08:01 2108496                    /usr/lib/jvm/java-7-oracle/jre/lib/amd64/libnio.so
7fe9de7b2000-7fe9de7b3000 rw-p 00010000 08:01 2108496                    /usr/lib/jvm/java-7-oracle/jre/lib/amd64/libnio.so
7fe9de7b3000-7fe9de7b4000 ---p 00000000 00:00 0 
7fe9de7b4000-7fe9de8b4000 rw-p 00000000 00:00 0                          [stack:11779]
7fe9de8b4000-7fe9de8b7000 ---p 00000000 00:00 0 
7fe9de8b7000-7fe9de9b5000 rw-p 00000000 00:00 0                          [stack:11778]
7fe9de9b5000-7fe9de9b8000 ---p 00000000 00:00 0 
7fe9de9b8000-7fe9deab6000 rw-p 00000000 00:00 0                          [stack:11777]
7fe9deab6000-7fe9deab9000 ---p 00000000 00:00 0 
7fe9deab9000-7fe9debb7000 rw-p 00000000 00:00 0                          [stack:11776]
7fe9debb7000-7fe9debbc000 r-xp 00000000 08:01 2106549                    /usr/lib/x86_64-linux-gnu/libXdmcp.so.6.0.0
7fe9debbc000-7fe9dedbb000 ---p 00005000 08:01 2106549                    /usr/lib/x86_64-linux-gnu/libXdmcp.so.6.0.0
7fe9dedbb000-7fe9dedbc000 r--p 00004000 08:01 2106549                    /usr/lib/x86_64-linux-gnu/libXdmcp.so.6.0.0
7fe9dedbc000-7fe9dedbd000 rw-p 00005000 08:01 2106549                    /usr/lib/x86_64-linux-gnu/libXdmcp.so.6.0.0
7fe9dedbd000-7fe9dedbf000 r-xp 00000000 08:01 2106538                    /usr/lib/x86_64-linux-gnu/libXau.so.6.0.0
7fe9dedbf000-7fe9defbf000 ---p 00002000 08:01 2106538                    /usr/lib/x86_64-linux-gnu/libXau.so.6.0.0
7fe9defbf000-7fe9defc0000 r--p 00002000 08:01 2106538                    /usr/lib/x86_64-linux-gnu/libXau.so.6.0.0
7fe9defc0000-7fe9defc1000 rw-p 00003000 08:01 2106538                    /usr/lib/x86_64-linux-gnu/libXau.so.6.0.0
7fe9defc1000-7fe9defde000 r-xp 00000000 08:01 2107736                    /usr/lib/x86_64-linux-gnu/libxcb.so.1.1.0
7fe9defde000-7fe9df1de000 ---p 0001d000 08:01 2107736                    /usr/lib/x86_64-linux-gnu/libxcb.so.1.1.0
7fe9df1de000-7fe9df1df000 r--p 0001d000 08:01 2107736                    /usr/lib/x86_64-linux-gnu/libxcb.so.1.1.0
7fe9df1df000-7fe9df1e0000 rw-p 0001e000 08:01 2107736                    /usr/lib/x86_64-linux-gnu/libxcb.so.1.1.0
7fe9df1e0000-7fe9df313000 r-xp 00000000 08:01 2106534                    /usr/lib/x86_64-linux-gnu/libX11.so.6.3.0
7fe9df313000-7fe9df513000 ---p 00133000 08:01 2106534                    /usr/lib/x86_64-linux-gnu/libX11.so.6.3.0
7fe9df513000-7fe9df514000 r--p 00133000 08:01 2106534                    /usr/lib/x86_64-linux-gnu/libX11.so.6.3.0
7fe9df514000-7fe9df518000 rw-p 00134000 08:01 2106534                    /usr/lib/x86_64-linux-gnu/libX11.so.6.3.0
7fe9df518000-7fe9df519000 rw-p 00000000 00:00 0 
7fe9df519000-7fe9df51a000 r-xp 00000000 08:01 2119627                    /usr/lib/jayatana/libjayatanaag.so
7fe9df51a000-7fe9df71a000 ---p 00001000 08:01 2119627                    /usr/lib/jayatana/libjayatanaag.so
7fe9df71a000-7fe9df71b000 r--p 00001000 08:01 2119627                    /usr/lib/jayatana/libjayatanaag.so
7fe9df71b000-7fe9df71c000 rw-p 00002000 08:01 2119627                    /usr/lib/jayatana/libjayatanaag.so
7fe9df71c000-7fe9df71f000 ---p 00000000 00:00 0 
7fe9df71f000-7fe9df81d000 rw-p 00000000 00:00 0                          [stack:11775]
7fe9df81d000-7fe9dfeff000 r--p 00000000 08:01 2105314                    /usr/lib/locale/locale-archive
7fe9dfeff000-7fe9dff02000 ---p 00000000 00:00 0 
7fe9dff02000-7fe9e0000000 rw-p 00000000 00:00 0                          [stack:11774]
7fe9e0000000-7fe9e0021000 rw-p 00000000 00:00 0 
7fe9e0021000-7fe9e4000000 ---p 00000000 00:00 0 
7fe9e4015000-7fe9e40f1000 rw-p 00000000 00:00 0 
7fe9e40f1000-7fe9e40f4000 ---p 00000000 00:00 0 
7fe9e40f4000-7fe9e41f2000 rw-p 00000000 00:00 0                          [stack:11773]
7fe9e41f2000-7fe9e41f3000 ---p 00000000 00:00 0 
7fe9e41f3000-7fe9e5000000 rw-p 00000000 00:00 0                          [stack:11772]
7fe9e5000000-7fe9e5270000 rwxp 00000000 00:00 0 
7fe9e5270000-7fe9e827e000 rw-p 00000000 00:00 0 
7fe9e827e000-7fe9ec000000 ---p 00000000 00:00 0 
7fe9ec07a000-7fe9ec081000 r--s 00000000 08:01 2361894                    /usr/lib/x86_64-linux-gnu/gconv/gconv-modules.cache
7fe9ec081000-7fe9ec0a7000 r--p 00000000 08:01 2756829                    /usr/share/locale-langpack/es/LC_MESSAGES/libc.mo
7fe9ec0a7000-7fe9ec2f4000 rw-p 00000000 00:00 0 
7fe9ec2f4000-7fe9ec4b4000 r--s 039fb000 08:01 2109180                    /usr/lib/jvm/java-7-oracle/jre/lib/rt.jar
7fe9ec4b4000-7fe9ec7ae000 rw-p 00000000 00:00 0 
7fe9ec7ae000-7fe9ec7af000 ---p 00000000 00:00 0 
7fe9ec7af000-7fe9ec8af000 rw-p 00000000 00:00 0                          [stack:11771]
7fe9ec8af000-7fe9ec8b0000 ---p 00000000 00:00 0 
7fe9ec8b0000-7fe9ec9b0000 rw-p 00000000 00:00 0                          [stack:11770]
7fe9ec9b0000-7fe9ec9b1000 ---p 00000000 00:00 0 
7fe9ec9b1000-7fe9ecab1000 rw-p 00000000 00:00 0                          [stack:11769]
7fe9ecab1000-7fe9ecab2000 ---p 00000000 00:00 0 
7fe9ecab2000-7fe9ecbbd000 rw-p 00000000 00:00 0                          [stack:11768]
7fe9ecbbd000-7fe9ecbdb000 rw-p 00000000 00:00 0 
7fe9ecbdb000-7fe9ecbf9000 rw-p 00000000 00:00 0 
7fe9ecbf9000-7fe9ecd31000 rw-p 00000000 00:00 0 
7fe9ecd31000-7fe9ecd3c000 rw-p 00000000 00:00 0 
7fe9ecd3c000-7fe9ecd5a000 rw-p 00000000 00:00 0 
7fe9ecd5a000-7fe9ecd78000 rw-p 00000000 00:00 0 
7fe9ecd78000-7fe9eceaf000 rw-p 00000000 00:00 0 
7fe9eceaf000-7fe9ecf29000 rw-p 00000000 00:00 0 
7fe9ecf29000-7fe9ecf5a000 rw-p 00000000 00:00 0 
7fe9ecf5a000-7fe9ecf5b000 rw-p 00000000 00:00 0 
7fe9ecf5b000-7fe9ecf72000 r-xp 00000000 08:01 2108526                    /usr/lib/jvm/java-7-oracle/jre/lib/amd64/libzip.so
7fe9ecf72000-7fe9ed172000 ---p 00017000 08:01 2108526                    /usr/lib/jvm/java-7-oracle/jre/lib/amd64/libzip.so
7fe9ed172000-7fe9ed173000 rw-p 00017000 08:01 2108526                    /usr/lib/jvm/java-7-oracle/jre/lib/amd64/libzip.so
7fe9ed173000-7fe9ed17f000 r-xp 00000000 08:01 1315145                    /lib/x86_64-linux-gnu/libnss_files-2.21.so
7fe9ed17f000-7fe9ed37e000 ---p 0000c000 08:01 1315145                    /lib/x86_64-linux-gnu/libnss_files-2.21.so
7fe9ed37e000-7fe9ed37f000 r--p 0000b000 08:01 1315145                    /lib/x86_64-linux-gnu/libnss_files-2.21.so
7fe9ed37f000-7fe9ed380000 rw-p 0000c000 08:01 1315145                    /lib/x86_64-linux-gnu/libnss_files-2.21.so
7fe9ed380000-7fe9ed38b000 r-xp 00000000 08:01 1315155                    /lib/x86_64-linux-gnu/libnss_nis-2.21.so
7fe9ed38b000-7fe9ed58a000 ---p 0000b000 08:01 1315155                    /lib/x86_64-linux-gnu/libnss_nis-2.21.so
7fe9ed58a000-7fe9ed58b000 r--p 0000a000 08:01 1315155                    /lib/x86_64-linux-gnu/libnss_nis-2.21.so
7fe9ed58b000-7fe9ed58c000 rw-p 0000b000 08:01 1315155                    /lib/x86_64-linux-gnu/libnss_nis-2.21.so
7fe9ed58c000-7fe9ed5a3000 r-xp 00000000 08:01 1315139                    /lib/x86_64-linux-gnu/libnsl-2.21.so
7fe9ed5a3000-7fe9ed7a2000 ---p 00017000 08:01 1315139                    /lib/x86_64-linux-gnu/libnsl-2.21.so
7fe9ed7a2000-7fe9ed7a3000 r--p 00016000 08:01 1315139                    /lib/x86_64-linux-gnu/libnsl-2.21.so
7fe9ed7a3000-7fe9ed7a4000 rw-p 00017000 08:01 1315139                    /lib/x86_64-linux-gnu/libnsl-2.21.so
7fe9ed7a4000-7fe9ed7a6000 rw-p 00000000 00:00 0 
7fe9ed7a6000-7fe9ed7ae000 r-xp 00000000 08:01 1315141                    /lib/x86_64-linux-gnu/libnss_compat-2.21.so
7fe9ed7ae000-7fe9ed9ad000 ---p 00008000 08:01 1315141                    /lib/x86_64-linux-gnu/libnss_compat-2.21.so
7fe9ed9ad000-7fe9ed9ae000 r--p 00007000 08:01 1315141                    /lib/x86_64-linux-gnu/libnss_compat-2.21.so
7fe9ed9ae000-7fe9ed9af000 rw-p 00008000 08:01 1315141                    /lib/x86_64-linux-gnu/libnss_compat-2.21.so
7fe9ed9af000-7fe9ed9b9000 r-xp 00000000 08:01 2108539                    /usr/lib/jvm/java-7-oracle/jre/lib/amd64/libinstrument.so
7fe9ed9b9000-7fe9edbb8000 ---p 0000a000 08:01 2108539                    /usr/lib/jvm/java-7-oracle/jre/lib/amd64/libinstrument.so
7fe9edbb8000-7fe9edbb9000 rw-p 00009000 08:01 2108539                    /usr/lib/jvm/java-7-oracle/jre/lib/amd64/libinstrument.so
7fe9edbb9000-7fe9edbe2000 r-xp 00000000 08:01 2108491                    /usr/lib/jvm/java-7-oracle/jre/lib/amd64/libjava.so
7fe9edbe2000-7fe9edde2000 ---p 00029000 08:01 2108491                    /usr/lib/jvm/java-7-oracle/jre/lib/amd64/libjava.so
7fe9edde2000-7fe9edde4000 rw-p 00029000 08:01 2108491                    /usr/lib/jvm/java-7-oracle/jre/lib/amd64/libjava.so
7fe9edde4000-7fe9eddf1000 r-xp 00000000 08:01 2108519                    /usr/lib/jvm/java-7-oracle/jre/lib/amd64/libverify.so
7fe9eddf1000-7fe9edff0000 ---p 0000d000 08:01 2108519                    /usr/lib/jvm/java-7-oracle/jre/lib/amd64/libverify.so
7fe9edff0000-7fe9edff2000 rw-p 0000c000 08:01 2108519                    /usr/lib/jvm/java-7-oracle/jre/lib/amd64/libverify.so
7fe9edff2000-7fe9edff9000 r-xp 00000000 08:01 1315200                    /lib/x86_64-linux-gnu/librt-2.21.so
7fe9edff9000-7fe9ee1f8000 ---p 00007000 08:01 1315200                    /lib/x86_64-linux-gnu/librt-2.21.so
7fe9ee1f8000-7fe9ee1f9000 r--p 00006000 08:01 1315200                    /lib/x86_64-linux-gnu/librt-2.21.so
7fe9ee1f9000-7fe9ee1fa000 rw-p 00007000 08:01 1315200                    /lib/x86_64-linux-gnu/librt-2.21.so
7fe9ee1fa000-7fe9ee301000 r-xp 00000000 08:01 1315118                    /lib/x86_64-linux-gnu/libm-2.21.so
7fe9ee301000-7fe9ee500000 ---p 00107000 08:01 1315118                    /lib/x86_64-linux-gnu/libm-2.21.so
7fe9ee500000-7fe9ee501000 r--p 00106000 08:01 1315118                    /lib/x86_64-linux-gnu/libm-2.21.so
7fe9ee501000-7fe9ee502000 rw-p 00107000 08:01 1315118                    /lib/x86_64-linux-gnu/libm-2.21.so
7fe9ee502000-7fe9ef078000 r-xp 00000000 08:01 2108546                    /usr/lib/jvm/java-7-oracle/jre/lib/amd64/server/libjvm.so
7fe9ef078000-7fe9ef277000 ---p 00b76000 08:01 2108546                    /usr/lib/jvm/java-7-oracle/jre/lib/amd64/server/libjvm.so
7fe9ef277000-7fe9ef33b000 rw-p 00b75000 08:01 2108546                    /usr/lib/jvm/java-7-oracle/jre/lib/amd64/server/libjvm.so
7fe9ef33b000-7fe9ef37c000 rw-p 00000000 00:00 0 
7fe9ef37c000-7fe9ef53c000 r-xp 00000000 08:01 1315059                    /lib/x86_64-linux-gnu/libc-2.21.so
7fe9ef53c000-7fe9ef73c000 ---p 001c0000 08:01 1315059                    /lib/x86_64-linux-gnu/libc-2.21.so
7fe9ef73c000-7fe9ef740000 r--p 001c0000 08:01 1315059                    /lib/x86_64-linux-gnu/libc-2.21.so
7fe9ef740000-7fe9ef742000 rw-p 001c4000 08:01 1315059                    /lib/x86_64-linux-gnu/libc-2.21.so
7fe9ef742000-7fe9ef746000 rw-p 00000000 00:00 0 
7fe9ef746000-7fe9ef749000 r-xp 00000000 08:01 1315076                    /lib/x86_64-linux-gnu/libdl-2.21.so
7fe9ef749000-7fe9ef948000 ---p 00003000 08:01 1315076                    /lib/x86_64-linux-gnu/libdl-2.21.so
7fe9ef948000-7fe9ef949000 r--p 00002000 08:01 1315076                    /lib/x86_64-linux-gnu/libdl-2.21.so
7fe9ef949000-7fe9ef94a000 rw-p 00003000 08:01 1315076                    /lib/x86_64-linux-gnu/libdl-2.21.so
7fe9ef94a000-7fe9ef95f000 r-xp 00000000 08:01 2109228                    /usr/lib/jvm/java-7-oracle/lib/amd64/jli/libjli.so
7fe9ef95f000-7fe9efb5e000 ---p 00015000 08:01 2109228                    /usr/lib/jvm/java-7-oracle/lib/amd64/jli/libjli.so
7fe9efb5e000-7fe9efb5f000 rw-p 00014000 08:01 2109228                    /usr/lib/jvm/java-7-oracle/lib/amd64/jli/libjli.so
7fe9efb5f000-7fe9efb77000 r-xp 00000000 08:01 1315192                    /lib/x86_64-linux-gnu/libpthread-2.21.so
7fe9efb77000-7fe9efd77000 ---p 00018000 08:01 1315192                    /lib/x86_64-linux-gnu/libpthread-2.21.so
7fe9efd77000-7fe9efd78000 r--p 00018000 08:01 1315192                    /lib/x86_64-linux-gnu/libpthread-2.21.so
7fe9efd78000-7fe9efd79000 rw-p 00019000 08:01 1315192                    /lib/x86_64-linux-gnu/libpthread-2.21.so
7fe9efd79000-7fe9efd7d000 rw-p 00000000 00:00 0 
7fe9efd7d000-7fe9efda1000 r-xp 00000000 08:01 1315031                    /lib/x86_64-linux-gnu/ld-2.21.so
7fe9efda3000-7fe9efdb2000 r--s 000dd000 08:01 1972025                    /home/germaaan/Android/Sdk/build-tools/22.0.1/lib/dx.jar
7fe9efdb2000-7fe9efdbc000 rw-p 00000000 00:00 0 
7fe9efdbc000-7fe9efe72000 rw-p 00000000 00:00 0 
7fe9efe72000-7fe9efe75000 ---p 00000000 00:00 0 
7fe9efe75000-7fe9eff77000 rw-p 00000000 00:00 0                          [stack:11767]
7fe9eff78000-7fe9eff79000 rw-p 00000000 00:00 0 
7fe9eff79000-7fe9eff7d000 r--s 0008b000 08:01 2109124                    /usr/lib/jvm/java-7-oracle/jre/lib/jsse.jar
7fe9eff7d000-7fe9eff7e000 r--s 00000000 08:01 2491414                    /usr/share/java/jayatanaag.jar
7fe9eff7e000-7fe9eff94000 rw-p 00000000 00:00 0 
7fe9eff94000-7fe9eff9c000 rw-s 00000000 08:01 1048681                    /tmp/hsperfdata_germaaan/11763
7fe9eff9c000-7fe9eff9d000 rw-p 00000000 00:00 0 
7fe9eff9d000-7fe9eff9e000 ---p 00000000 00:00 0 
7fe9eff9e000-7fe9effa0000 rw-p 00000000 00:00 0 
7fe9effa0000-7fe9effa1000 r--p 00023000 08:01 1315031                    /lib/x86_64-linux-gnu/ld-2.21.so
7fe9effa1000-7fe9effa2000 rw-p 00024000 08:01 1315031                    /lib/x86_64-linux-gnu/ld-2.21.so
7fe9effa2000-7fe9effa3000 rw-p 00000000 00:00 0 
7ffe2cf2c000-7ffe2cf4e000 rw-p 00000000 00:00 0                          [stack]
7ffe2cfaf000-7ffe2cfb1000 r--p 00000000 00:00 0                          [vvar]
7ffe2cfb1000-7ffe2cfb3000 r-xp 00000000 00:00 0                          [vdso]
ffffffffff600000-ffffffffff601000 r-xp 00000000 00:00 0                  [vsyscall]

VM Arguments:
jvm_args: -javaagent:/usr/share/java/jayatanaag.jar -Xmx1024M -Dfile.encoding=UTF-8 -Duser.country=ES -Duser.language=es -Duser.variant 
java_command: com.android.dx.command.Main --dex --output /home/germaaan/proyectos/PDM/TutorialPosicionamiento/AndroidStudioProject/app/build/intermediates/dex/debug /home/germaaan/proyectos/PDM/TutorialPosicionamiento/AndroidStudioProject/app/build/intermediates/classes/debug /home/germaaan/proyectos/PDM/TutorialPosicionamiento/AndroidStudioProject/app/build/intermediates/pre-dexed/debug/support-annotations-22.1.1-76293f5fa0cb6ff43ecc920f844580506fd5d1a6.jar /home/germaaan/proyectos/PDM/TutorialPosicionamiento/AndroidStudioProject/app/build/intermediates/pre-dexed/debug/classes-b31d20b41c750192948ba59014ccc78e4e22f647.jar /home/germaaan/proyectos/PDM/TutorialPosicionamiento/AndroidStudioProject/app/build/intermediates/pre-dexed/debug/classes-cf0f74013ea518e59a3dcf32fa0b308e2023c50b.jar /home/germaaan/proyectos/PDM/TutorialPosicionamiento/AndroidStudioProject/app/build/intermediates/pre-dexed/debug/classes-316099b6241450b5fb1a02ff0cee602ba76cec2f.jar /home/germaaan/proyectos/PDM/TutorialPosicionamiento/AndroidStudioProject/app/build/intermediates/pre-dexed/debug/classes-be0b2f30b25e2449d0434c5839928d54a8ed6e8a.jar /home/germaaan/proyectos/PDM/TutorialPosicionamiento/AndroidStudioProject/app/build/intermediates/pre-dexed/debug/classes-52d236bb1187a9325b5fbb65fe2fb436bc3d043b.jar /home/germaaan/proyectos/PDM/TutorialPosicionamiento/AndroidStudioProject/app/build/intermediates/pre-dexed/debug/classes-508de432f622bb7f32ad7a830ab805d245a80297.jar /home/germaaan/proyectos/PDM/TutorialPosicionamiento/AndroidStudioProject/app/build/intermediates/pre-dexed/debug/classes-1f9b018d0adfcf9aae9eb9f2d969a80115684388.jar /home/germaaan/proyectos/PDM/TutorialPosicionamiento/AndroidStudioProject/app/build/intermediates/pre-dexed/debug/classes-06930c36f4a1899ff6e1c18d04003cd6497c0c30.jar /home/germaaan/proyectos/PDM/TutorialPosicionamiento/AndroidStudioProject/app/build/intermediates/pre-dexed/debug/classes-4066e15576568aceea0fbf42f88c642cc9ba25c1.jar /home/germaaan/proyectos/PDM/Tut
Launcher Type: SUN_STANDARD

Environment Variables:
JAVA_HOME=/usr/lib/jvm/java-7-oracle
JAVA_TOOL_OPTIONS=-javaagent:/usr/share/java/jayatanaag.jar 
PATH=/usr/local/sbin:/usr/local/bin:/usr/sbin:/usr/bin:/sbin:/bin:/usr/games:/usr/local/games:/usr/lib/jvm/java-7-oracle/bin:/usr/lib/jvm/java-7-oracle/db/bin:/usr/lib/jvm/java-7-oracle/jre/bin
SHELL=/bin/bash
DISPLAY=:0

Signal Handlers:
SIGSEGV: [libjvm.so+0x9a3b20], sa_mask[0]=0x7ffbfeff, sa_flags=0x10000004
SIGBUS: [libjvm.so+0x9a3b20], sa_mask[0]=0x7ffbfeff, sa_flags=0x10000004
SIGFPE: [libjvm.so+0x81e740], sa_mask[0]=0x7ffbfeff, sa_flags=0x10000004
SIGPIPE: [libjvm.so+0x81e740], sa_mask[0]=0x7ffbfeff, sa_flags=0x10000004
SIGXFSZ: [libjvm.so+0x81e740], sa_mask[0]=0x7ffbfeff, sa_flags=0x10000004
SIGILL: [libjvm.so+0x81e740], sa_mask[0]=0x7ffbfeff, sa_flags=0x10000004
SIGUSR1: SIG_DFL, sa_mask[0]=0x00000000, sa_flags=0x00000000
SIGUSR2: [libjvm.so+0x81ffb0], sa_mask[0]=0x00000004, sa_flags=0x10000004
SIGHUP: [libjvm.so+0x8210d0], sa_mask[0]=0x7ffbfeff, sa_flags=0x10000004
SIGINT: [libjvm.so+0x8210d0], sa_mask[0]=0x7ffbfeff, sa_flags=0x10000004
SIGTERM: [libjvm.so+0x8210d0], sa_mask[0]=0x7ffbfeff, sa_flags=0x10000004
SIGQUIT: [libjvm.so+0x8210d0], sa_mask[0]=0x7ffbfeff, sa_flags=0x10000004


---------------  S Y S T E M  ---------------

OS:jessie/sid

uname:Linux 3.19.0-21-generic #21-Ubuntu SMP Sun Jun 14 18:31:11 UTC 2015 x86_64
libc:glibc 2.21 NPTL 2.21 
rlimit: STACK 8192k, CORE 0k, NPROC 14832, NOFILE 65536, AS infinity
load average:0,88 0,84 1,07

/proc/meminfo:
MemTotal:        3819324 kB
MemFree:           93016 kB
MemAvailable:      35252 kB
Buffers:             800 kB
Cached:           227424 kB
SwapCached:        16580 kB
Active:          2537296 kB
Inactive:         990604 kB
Active(anon):    2530260 kB
Inactive(anon):   983724 kB
Active(file):       7036 kB
Inactive(file):     6880 kB
Unevictable:         732 kB
Mlocked:             732 kB
SwapTotal:       1998844 kB
SwapFree:              0 kB
Dirty:                 0 kB
Writeback:             8 kB
AnonPages:       3285444 kB
Mapped:            99412 kB
Shmem:            213604 kB
Slab:              80744 kB
SReclaimable:      39480 kB
SUnreclaim:        41264 kB
KernelStack:       13008 kB
PageTables:        62068 kB
NFS_Unstable:          0 kB
Bounce:                0 kB
WritebackTmp:          0 kB
CommitLimit:     3908504 kB
Committed_AS:   11858056 kB
VmallocTotal:   34359738367 kB
VmallocUsed:      349308 kB
VmallocChunk:   34359382492 kB
HardwareCorrupted:     0 kB
AnonHugePages:    630784 kB
CmaTotal:              0 kB
CmaFree:               0 kB
HugePages_Total:       0
HugePages_Free:        0
HugePages_Rsvd:        0
HugePages_Surp:        0
Hugepagesize:       2048 kB
DirectMap4k:      206364 kB
DirectMap2M:     3760128 kB


CPU:total 4 (2 cores per cpu, 2 threads per core) family 6 model 42 stepping 7, cmov, cx8, fxsr, mmx, sse, sse2, sse3, ssse3, sse4.1, sse4.2, popcnt, avx, aes, ht, tsc, tscinvbit

/proc/cpuinfo:
processor	: 0
vendor_id	: GenuineIntel
cpu family	: 6
model		: 42
model name	: Intel(R) Core(TM) i5-2450M CPU @ 2.50GHz
stepping	: 7
microcode	: 0x29
cpu MHz		: 2899.902
cache size	: 3072 KB
physical id	: 0
siblings	: 4
core id		: 0
cpu cores	: 2
apicid		: 0
initial apicid	: 0
fpu		: yes
fpu_exception	: yes
cpuid level	: 13
wp		: yes
flags		: fpu vme de pse tsc msr pae mce cx8 apic sep mtrr pge mca cmov pat pse36 clflush dts acpi mmx fxsr sse sse2 ss ht tm pbe syscall nx rdtscp lm constant_tsc arch_perfmon pebs bts rep_good nopl xtopology nonstop_tsc aperfmperf eagerfpu pni pclmulqdq dtes64 monitor ds_cpl vmx est tm2 ssse3 cx16 xtpr pdcm pcid sse4_1 sse4_2 x2apic popcnt tsc_deadline_timer aes xsave avx lahf_lm ida arat epb pln pts dtherm tpr_shadow vnmi flexpriority ept vpid xsaveopt
bugs		:
bogomips	: 4989.21
clflush size	: 64
cache_alignment	: 64
address sizes	: 36 bits physical, 48 bits virtual
power management:

processor	: 1
vendor_id	: GenuineIntel
cpu family	: 6
model		: 42
model name	: Intel(R) Core(TM) i5-2450M CPU @ 2.50GHz
stepping	: 7
microcode	: 0x29
cpu MHz		: 2900.195
cache size	: 3072 KB
physical id	: 0
siblings	: 4
core id		: 1
cpu cores	: 2
apicid		: 2
initial apicid	: 2
fpu		: yes
fpu_exception	: yes
cpuid level	: 13
wp		: yes
flags		: fpu vme de pse tsc msr pae mce cx8 apic sep mtrr pge mca cmov pat pse36 clflush dts acpi mmx fxsr sse sse2 ss ht tm pbe syscall nx rdtscp lm constant_tsc arch_perfmon pebs bts rep_good nopl xtopology nonstop_tsc aperfmperf eagerfpu pni pclmulqdq dtes64 monitor ds_cpl vmx est tm2 ssse3 cx16 xtpr pdcm pcid sse4_1 sse4_2 x2apic popcnt tsc_deadline_timer aes xsave avx lahf_lm ida arat epb pln pts dtherm tpr_shadow vnmi flexpriority ept vpid xsaveopt
bugs		:
bogomips	: 4989.21
clflush size	: 64
cache_alignment	: 64
address sizes	: 36 bits physical, 48 bits virtual
power management:

processor	: 2
vendor_id	: GenuineIntel
cpu family	: 6
model		: 42
model name	: Intel(R) Core(TM) i5-2450M CPU @ 2.50GHz
stepping	: 7
microcode	: 0x29
cpu MHz		: 2900.000
cache size	: 3072 KB
physical id	: 0
siblings	: 4
core id		: 0
cpu cores	: 2
apicid		: 1
initial apicid	: 1
fpu		: yes
fpu_exception	: yes
cpuid level	: 13
wp		: yes
flags		: fpu vme de pse tsc msr pae mce cx8 apic sep mtrr pge mca cmov pat pse36 clflush dts acpi mmx fxsr sse sse2 ss ht tm pbe syscall nx rdtscp lm constant_tsc arch_perfmon pebs bts rep_good nopl xtopology nonstop_tsc aperfmperf eagerfpu pni pclmulqdq dtes64 monitor ds_cpl vmx est tm2 ssse3 cx16 xtpr pdcm pcid sse4_1 sse4_2 x2apic popcnt tsc_deadline_timer aes xsave avx lahf_lm ida arat epb pln pts dtherm tpr_shadow vnmi flexpriority ept vpid xsaveopt
bugs		:
bogomips	: 4989.21
clflush size	: 64
cache_alignment	: 64
address sizes	: 36 bits physical, 48 bits virtual
power management:

processor	: 3
vendor_id	: GenuineIntel
cpu family	: 6
model		: 42
model name	: Intel(R) Core(TM) i5-2450M CPU @ 2.50GHz
stepping	: 7
microcode	: 0x29
cpu MHz		: 2900.000
cache size	: 3072 KB
physical id	: 0
siblings	: 4
core id		: 1
cpu cores	: 2
apicid		: 3
initial apicid	: 3
fpu		: yes
fpu_exception	: yes
cpuid level	: 13
wp		: yes
flags		: fpu vme de pse tsc msr pae mce cx8 apic sep mtrr pge mca cmov pat pse36 clflush dts acpi mmx fxsr sse sse2 ss ht tm pbe syscall nx rdtscp lm constant_tsc arch_perfmon pebs bts rep_good nopl xtopology nonstop_tsc aperfmperf eagerfpu pni pclmulqdq dtes64 monitor ds_cpl vmx est tm2 ssse3 cx16 xtpr pdcm pcid sse4_1 sse4_2 x2apic popcnt tsc_deadline_timer aes xsave avx lahf_lm ida arat epb pln pts dtherm tpr_shadow vnmi flexpriority ept vpid xsaveopt
bugs		:
bogomips	: 4989.21
clflush size	: 64
cache_alignment	: 64
address sizes	: 36 bits physical, 48 bits virtual
power management:



Memory: 4k page, physical 3819324k(94052k free), swap 1998844k(0k free)

vm_info: Java HotSpot(TM) 64-Bit Server VM (24.80-b11) for linux-amd64 JRE (1.7.0_80-b15), built on Apr 10 2015 19:53:14 by "java_re" with gcc 4.3.0 20080428 (Red Hat 4.3.0-8)

time: Wed Jun 24 18:54:08 2015
elapsed time: 4 seconds

